[2025-11-25T00:26:22.567+0000] {local_task_job_runner.py:120} INFO - ::group::Pre task execution logs
[2025-11-25T00:26:22.716+0000] {taskinstance.py:2076} INFO - Dependencies all met for dep_context=non-requeueable deps ti=<TaskInstance: mental_health_etl_matrix.extract_task scheduled__2025-11-24T00:00:00+00:00 [queued]>
[2025-11-25T00:26:22.751+0000] {taskinstance.py:2076} INFO - Dependencies all met for dep_context=requeueable deps ti=<TaskInstance: mental_health_etl_matrix.extract_task scheduled__2025-11-24T00:00:00+00:00 [queued]>
[2025-11-25T00:26:22.752+0000] {taskinstance.py:2306} INFO - Starting attempt 1 of 2
[2025-11-25T00:26:22.804+0000] {taskinstance.py:2330} INFO - Executing <Task(PythonOperator): extract_task> on 2025-11-24 00:00:00+00:00
[2025-11-25T00:26:22.875+0000] {logging_mixin.py:188} WARNING - /home/***/.local/lib/python3.12/site-packages/***/task/task_runner/standard_task_runner.py:61 DeprecationWarning: This process (pid=1554) is multi-threaded, use of fork() may lead to deadlocks in the child.
[2025-11-25T00:26:22.866+0000] {standard_task_runner.py:90} INFO - Running: ['***', 'tasks', 'run', 'mental_health_etl_matrix', 'extract_task', 'scheduled__2025-11-24T00:00:00+00:00', '--job-id', '26', '--raw', '--subdir', 'DAGS_FOLDER/mental_health_etl.py', '--cfg-path', '/tmp/tmpa31m4kud']
[2025-11-25T00:26:22.880+0000] {standard_task_runner.py:63} INFO - Started process 1556 to run task
[2025-11-25T00:26:22.881+0000] {standard_task_runner.py:91} INFO - Job 26: Subtask extract_task
[2025-11-25T00:26:22.958+0000] {logging_mixin.py:188} WARNING - /home/***/.local/lib/python3.12/site-packages/***/settings.py:195 DeprecationWarning: The sql_alchemy_conn option in [core] has been moved to the sql_alchemy_conn option in [database] - the old setting has been used, but please update your config.
[2025-11-25T00:26:23.176+0000] {task_command.py:426} INFO - Running <TaskInstance: mental_health_etl_matrix.extract_task scheduled__2025-11-24T00:00:00+00:00 [running]> on host 5487bfeafc15
[2025-11-25T00:26:23.617+0000] {taskinstance.py:2648} INFO - Exporting env vars: AIRFLOW_CTX_DAG_OWNER='student' AIRFLOW_CTX_DAG_ID='mental_health_etl_matrix' AIRFLOW_CTX_TASK_ID='extract_task' AIRFLOW_CTX_EXECUTION_DATE='2025-11-24T00:00:00+00:00' AIRFLOW_CTX_TRY_NUMBER='1' AIRFLOW_CTX_DAG_RUN_ID='scheduled__2025-11-24T00:00:00+00:00'
[2025-11-25T00:26:23.625+0000] {taskinstance.py:430} INFO - ::endgroup::
[2025-11-25T00:26:25.564+0000] {mental_health_etl.py:14} INFO - Generando Dataset con Demografía Completa...
[2025-11-25T00:26:25.732+0000] {python.py:237} INFO - Done. Returned value was: /tmp/***_data_mental/raw_mental_health.csv
[2025-11-25T00:26:25.733+0000] {taskinstance.py:441} INFO - ::group::Post task execution logs
[2025-11-25T00:26:25.828+0000] {taskinstance.py:1206} INFO - Marking task as SUCCESS. dag_id=mental_health_etl_matrix, task_id=extract_task, run_id=scheduled__2025-11-24T00:00:00+00:00, execution_date=20251124T000000, start_date=20251125T002622, end_date=20251125T002625
[2025-11-25T00:26:25.921+0000] {local_task_job_runner.py:240} INFO - Task exited with return code 0
[2025-11-25T00:26:25.989+0000] {taskinstance.py:3498} INFO - 1 downstream tasks scheduled from follow-on schedule check
[2025-11-25T00:26:25.996+0000] {local_task_job_runner.py:222} INFO - ::endgroup::
