[2025-11-24T23:02:12.384+0000] {local_task_job_runner.py:120} INFO - ::group::Pre task execution logs
[2025-11-24T23:02:12.525+0000] {taskinstance.py:2076} INFO - Dependencies all met for dep_context=non-requeueable deps ti=<TaskInstance: mental_health_etl_pro.extract_task scheduled__2025-11-23T06:00:00+00:00 [queued]>
[2025-11-24T23:02:12.546+0000] {taskinstance.py:2076} INFO - Dependencies all met for dep_context=requeueable deps ti=<TaskInstance: mental_health_etl_pro.extract_task scheduled__2025-11-23T06:00:00+00:00 [queued]>
[2025-11-24T23:02:12.548+0000] {taskinstance.py:2306} INFO - Starting attempt 1 of 3
[2025-11-24T23:02:12.587+0000] {taskinstance.py:2330} INFO - Executing <Task(PythonOperator): extract_task> on 2025-11-23 06:00:00+00:00
[2025-11-24T23:02:12.613+0000] {logging_mixin.py:188} WARNING - /home/***/.local/lib/python3.12/site-packages/***/task/task_runner/standard_task_runner.py:61 DeprecationWarning: This process (pid=499) is multi-threaded, use of fork() may lead to deadlocks in the child.
[2025-11-24T23:02:12.616+0000] {standard_task_runner.py:63} INFO - Started process 501 to run task
[2025-11-24T23:02:12.614+0000] {standard_task_runner.py:90} INFO - Running: ['***', 'tasks', 'run', 'mental_health_etl_pro', 'extract_task', 'scheduled__2025-11-23T06:00:00+00:00', '--job-id', '8', '--raw', '--subdir', 'DAGS_FOLDER/mental_health_etl.py', '--cfg-path', '/tmp/tmpeldgbnxy']
[2025-11-24T23:02:12.622+0000] {standard_task_runner.py:91} INFO - Job 8: Subtask extract_task
[2025-11-24T23:02:12.668+0000] {logging_mixin.py:188} WARNING - /home/***/.local/lib/python3.12/site-packages/***/settings.py:195 DeprecationWarning: The sql_alchemy_conn option in [core] has been moved to the sql_alchemy_conn option in [database] - the old setting has been used, but please update your config.
[2025-11-24T23:02:12.724+0000] {task_command.py:426} INFO - Running <TaskInstance: mental_health_etl_pro.extract_task scheduled__2025-11-23T06:00:00+00:00 [running]> on host 5487bfeafc15
[2025-11-24T23:02:12.881+0000] {taskinstance.py:2648} INFO - Exporting env vars: AIRFLOW_CTX_DAG_OWNER='data_team' AIRFLOW_CTX_DAG_ID='mental_health_etl_pro' AIRFLOW_CTX_TASK_ID='extract_task' AIRFLOW_CTX_EXECUTION_DATE='2025-11-23T06:00:00+00:00' AIRFLOW_CTX_TRY_NUMBER='1' AIRFLOW_CTX_DAG_RUN_ID='scheduled__2025-11-23T06:00:00+00:00'
[2025-11-24T23:02:13.011+0000] {taskinstance.py:430} INFO - ::endgroup::
[2025-11-24T23:02:14.399+0000] {mental_health_etl.py:19} INFO - 🔄 Generando datos de salud mental con demografía enriquecida...
[2025-11-24T23:02:15.071+0000] {mental_health_etl.py:82} INFO - ✅ Datos extraídos: 8000 registros en /tmp/***_data_mental/raw_mental_health.csv
[2025-11-24T23:02:15.081+0000] {python.py:237} INFO - Done. Returned value was: /tmp/***_data_mental/raw_mental_health.csv
[2025-11-24T23:02:15.082+0000] {taskinstance.py:441} INFO - ::group::Post task execution logs
[2025-11-24T23:02:15.186+0000] {taskinstance.py:1206} INFO - Marking task as SUCCESS. dag_id=mental_health_etl_pro, task_id=extract_task, run_id=scheduled__2025-11-23T06:00:00+00:00, execution_date=20251123T060000, start_date=20251124T230212, end_date=20251124T230215
[2025-11-24T23:02:15.251+0000] {local_task_job_runner.py:240} INFO - Task exited with return code 0
[2025-11-24T23:02:15.317+0000] {taskinstance.py:3498} INFO - 1 downstream tasks scheduled from follow-on schedule check
[2025-11-24T23:02:15.322+0000] {local_task_job_runner.py:222} INFO - ::endgroup::
