[2025-11-24T23:05:22.867+0000] {local_task_job_runner.py:120} INFO - ::group::Pre task execution logs
[2025-11-24T23:05:22.942+0000] {taskinstance.py:2076} INFO - Dependencies all met for dep_context=non-requeueable deps ti=<TaskInstance: mental_health_etl_pro.load_task manual__2025-11-24T23:05:11.384579+00:00 [queued]>
[2025-11-24T23:05:22.960+0000] {taskinstance.py:2076} INFO - Dependencies all met for dep_context=requeueable deps ti=<TaskInstance: mental_health_etl_pro.load_task manual__2025-11-24T23:05:11.384579+00:00 [queued]>
[2025-11-24T23:05:22.961+0000] {taskinstance.py:2306} INFO - Starting attempt 1 of 3
[2025-11-24T23:05:22.980+0000] {taskinstance.py:2330} INFO - Executing <Task(PythonOperator): load_task> on 2025-11-24 23:05:11.384579+00:00
[2025-11-24T23:05:22.994+0000] {logging_mixin.py:188} WARNING - /home/***/.local/lib/python3.12/site-packages/***/task/task_runner/standard_task_runner.py:61 DeprecationWarning: This process (pid=556) is multi-threaded, use of fork() may lead to deadlocks in the child.
[2025-11-24T23:05:22.996+0000] {standard_task_runner.py:63} INFO - Started process 558 to run task
[2025-11-24T23:05:23.015+0000] {standard_task_runner.py:90} INFO - Running: ['***', 'tasks', 'run', 'mental_health_etl_pro', 'load_task', 'manual__2025-11-24T23:05:11.384579+00:00', '--job-id', '13', '--raw', '--subdir', 'DAGS_FOLDER/mental_health_etl.py', '--cfg-path', '/tmp/tmp8jd3171j']
[2025-11-24T23:05:23.021+0000] {standard_task_runner.py:91} INFO - Job 13: Subtask load_task
[2025-11-24T23:05:23.049+0000] {logging_mixin.py:188} WARNING - /home/***/.local/lib/python3.12/site-packages/***/settings.py:195 DeprecationWarning: The sql_alchemy_conn option in [core] has been moved to the sql_alchemy_conn option in [database] - the old setting has been used, but please update your config.
[2025-11-24T23:05:23.111+0000] {task_command.py:426} INFO - Running <TaskInstance: mental_health_etl_pro.load_task manual__2025-11-24T23:05:11.384579+00:00 [running]> on host 5487bfeafc15
[2025-11-24T23:05:23.223+0000] {taskinstance.py:2648} INFO - Exporting env vars: AIRFLOW_CTX_DAG_OWNER='data_team' AIRFLOW_CTX_DAG_ID='mental_health_etl_pro' AIRFLOW_CTX_TASK_ID='load_task' AIRFLOW_CTX_EXECUTION_DATE='2025-11-24T23:05:11.384579+00:00' AIRFLOW_CTX_TRY_NUMBER='1' AIRFLOW_CTX_DAG_RUN_ID='manual__2025-11-24T23:05:11.384579+00:00'
[2025-11-24T23:05:23.226+0000] {taskinstance.py:430} INFO - ::endgroup::
[2025-11-24T23:05:24.696+0000] {mental_health_etl.py:159} INFO - 💾 Cargando datos finales en formato optimizado...
[2025-11-24T23:05:25.269+0000] {mental_health_etl.py:176} INFO - 📊 ESTADÍSTICAS FINALES:
[2025-11-24T23:05:25.271+0000] {mental_health_etl.py:177} INFO -    Total registros: 7893
[2025-11-24T23:05:25.272+0000] {mental_health_etl.py:178} INFO -    Estrés promedio: 4.96/10
[2025-11-24T23:05:25.273+0000] {mental_health_etl.py:179} INFO -    Alto riesgo: 8.6%
[2025-11-24T23:05:25.273+0000] {mental_health_etl.py:180} INFO -    Sector más estresado: Salud
[2025-11-24T23:05:25.274+0000] {mental_health_etl.py:181} INFO - ✅ Pipeline finalizado: /tmp/***_data_mental/mental_health_final.parquet
[2025-11-24T23:05:25.275+0000] {python.py:237} INFO - Done. Returned value was: None
[2025-11-24T23:05:25.276+0000] {taskinstance.py:441} INFO - ::group::Post task execution logs
[2025-11-24T23:05:25.327+0000] {taskinstance.py:1206} INFO - Marking task as SUCCESS. dag_id=mental_health_etl_pro, task_id=load_task, run_id=manual__2025-11-24T23:05:11.384579+00:00, execution_date=20251124T230511, start_date=20251124T230522, end_date=20251124T230525
[2025-11-24T23:05:25.384+0000] {local_task_job_runner.py:240} INFO - Task exited with return code 0
[2025-11-24T23:05:25.403+0000] {taskinstance.py:3498} INFO - 0 downstream tasks scheduled from follow-on schedule check
[2025-11-24T23:05:25.406+0000] {local_task_job_runner.py:222} INFO - ::endgroup::
