[2025-11-24T23:50:39.525+0000] {local_task_job_runner.py:120} INFO - ::group::Pre task execution logs
[2025-11-24T23:50:39.620+0000] {taskinstance.py:2076} INFO - Dependencies all met for dep_context=non-requeueable deps ti=<TaskInstance: mental_health_etl_final.extract_task scheduled__2025-11-23T00:00:00+00:00 [queued]>
[2025-11-24T23:50:39.641+0000] {taskinstance.py:2076} INFO - Dependencies all met for dep_context=requeueable deps ti=<TaskInstance: mental_health_etl_final.extract_task scheduled__2025-11-23T00:00:00+00:00 [queued]>
[2025-11-24T23:50:39.643+0000] {taskinstance.py:2306} INFO - Starting attempt 1 of 2
[2025-11-24T23:50:39.678+0000] {taskinstance.py:2330} INFO - Executing <Task(PythonOperator): extract_task> on 2025-11-23 00:00:00+00:00
[2025-11-24T23:50:39.697+0000] {logging_mixin.py:188} WARNING - /home/***/.local/lib/python3.12/site-packages/***/task/task_runner/standard_task_runner.py:61 DeprecationWarning: This process (pid=1110) is multi-threaded, use of fork() may lead to deadlocks in the child.
[2025-11-24T23:50:39.700+0000] {standard_task_runner.py:63} INFO - Started process 1118 to run task
[2025-11-24T23:50:39.697+0000] {standard_task_runner.py:90} INFO - Running: ['***', 'tasks', 'run', 'mental_health_etl_final', 'extract_task', 'scheduled__2025-11-23T00:00:00+00:00', '--job-id', '20', '--raw', '--subdir', 'DAGS_FOLDER/mental_health_etl.py', '--cfg-path', '/tmp/tmpabqstio_']
[2025-11-24T23:50:39.701+0000] {standard_task_runner.py:91} INFO - Job 20: Subtask extract_task
[2025-11-24T23:50:39.722+0000] {logging_mixin.py:188} WARNING - /home/***/.local/lib/python3.12/site-packages/***/settings.py:195 DeprecationWarning: The sql_alchemy_conn option in [core] has been moved to the sql_alchemy_conn option in [database] - the old setting has been used, but please update your config.
[2025-11-24T23:50:39.777+0000] {task_command.py:426} INFO - Running <TaskInstance: mental_health_etl_final.extract_task scheduled__2025-11-23T00:00:00+00:00 [running]> on host 5487bfeafc15
[2025-11-24T23:50:39.909+0000] {taskinstance.py:2648} INFO - Exporting env vars: AIRFLOW_CTX_DAG_OWNER='student' AIRFLOW_CTX_DAG_ID='mental_health_etl_final' AIRFLOW_CTX_TASK_ID='extract_task' AIRFLOW_CTX_EXECUTION_DATE='2025-11-23T00:00:00+00:00' AIRFLOW_CTX_TRY_NUMBER='1' AIRFLOW_CTX_DAG_RUN_ID='scheduled__2025-11-23T00:00:00+00:00'
[2025-11-24T23:50:39.915+0000] {taskinstance.py:430} INFO - ::endgroup::
[2025-11-24T23:50:40.524+0000] {mental_health_etl.py:14} INFO - Generando Dataset Maestro de Salud Mental...
[2025-11-24T23:50:40.660+0000] {python.py:237} INFO - Done. Returned value was: /tmp/***_data_mental/raw_mental_health.csv
[2025-11-24T23:50:40.661+0000] {taskinstance.py:441} INFO - ::group::Post task execution logs
[2025-11-24T23:50:40.693+0000] {taskinstance.py:1206} INFO - Marking task as SUCCESS. dag_id=mental_health_etl_final, task_id=extract_task, run_id=scheduled__2025-11-23T00:00:00+00:00, execution_date=20251123T000000, start_date=20251124T235039, end_date=20251124T235040
[2025-11-24T23:50:40.720+0000] {local_task_job_runner.py:240} INFO - Task exited with return code 0
[2025-11-24T23:50:40.778+0000] {taskinstance.py:3498} INFO - 0 downstream tasks scheduled from follow-on schedule check
[2025-11-24T23:50:40.783+0000] {local_task_job_runner.py:222} INFO - ::endgroup::
