[2025-11-24T23:05:19.215+0000] {local_task_job_runner.py:120} INFO - ::group::Pre task execution logs
[2025-11-24T23:05:19.279+0000] {taskinstance.py:2076} INFO - Dependencies all met for dep_context=non-requeueable deps ti=<TaskInstance: mental_health_etl_pro.transform_task manual__2025-11-24T23:05:11.384579+00:00 [queued]>
[2025-11-24T23:05:19.296+0000] {taskinstance.py:2076} INFO - Dependencies all met for dep_context=requeueable deps ti=<TaskInstance: mental_health_etl_pro.transform_task manual__2025-11-24T23:05:11.384579+00:00 [queued]>
[2025-11-24T23:05:19.298+0000] {taskinstance.py:2306} INFO - Starting attempt 1 of 3
[2025-11-24T23:05:19.322+0000] {taskinstance.py:2330} INFO - Executing <Task(PythonOperator): transform_task> on 2025-11-24 23:05:11.384579+00:00
[2025-11-24T23:05:19.346+0000] {standard_task_runner.py:90} INFO - Running: ['***', 'tasks', 'run', 'mental_health_etl_pro', 'transform_task', 'manual__2025-11-24T23:05:11.384579+00:00', '--job-id', '12', '--raw', '--subdir', 'DAGS_FOLDER/mental_health_etl.py', '--cfg-path', '/tmp/tmp95e7748z']
[2025-11-24T23:05:19.352+0000] {logging_mixin.py:188} WARNING - /home/***/.local/lib/python3.12/site-packages/***/task/task_runner/standard_task_runner.py:61 DeprecationWarning: This process (pid=553) is multi-threaded, use of fork() may lead to deadlocks in the child.
[2025-11-24T23:05:19.354+0000] {standard_task_runner.py:91} INFO - Job 12: Subtask transform_task
[2025-11-24T23:05:19.354+0000] {standard_task_runner.py:63} INFO - Started process 555 to run task
[2025-11-24T23:05:19.384+0000] {logging_mixin.py:188} WARNING - /home/***/.local/lib/python3.12/site-packages/***/settings.py:195 DeprecationWarning: The sql_alchemy_conn option in [core] has been moved to the sql_alchemy_conn option in [database] - the old setting has been used, but please update your config.
[2025-11-24T23:05:19.462+0000] {task_command.py:426} INFO - Running <TaskInstance: mental_health_etl_pro.transform_task manual__2025-11-24T23:05:11.384579+00:00 [running]> on host 5487bfeafc15
[2025-11-24T23:05:19.589+0000] {taskinstance.py:2648} INFO - Exporting env vars: AIRFLOW_CTX_DAG_OWNER='data_team' AIRFLOW_CTX_DAG_ID='mental_health_etl_pro' AIRFLOW_CTX_TASK_ID='transform_task' AIRFLOW_CTX_EXECUTION_DATE='2025-11-24T23:05:11.384579+00:00' AIRFLOW_CTX_TRY_NUMBER='1' AIRFLOW_CTX_DAG_RUN_ID='manual__2025-11-24T23:05:11.384579+00:00'
[2025-11-24T23:05:19.591+0000] {taskinstance.py:430} INFO - ::endgroup::
[2025-11-24T23:05:20.164+0000] {mental_health_etl.py:96} INFO - 🔧 Transformando y enriqueciendo datos...
[2025-11-24T23:05:20.292+0000] {mental_health_etl.py:113} INFO - 🧹 Limpieza: 107 registros eliminados
[2025-11-24T23:05:20.642+0000] {mental_health_etl.py:146} INFO - ✅ Transformación completa: 7893 registros limpios
[2025-11-24T23:05:20.644+0000] {python.py:237} INFO - Done. Returned value was: /tmp/***_data_mental/clean_mental_health.csv
[2025-11-24T23:05:20.646+0000] {taskinstance.py:441} INFO - ::group::Post task execution logs
[2025-11-24T23:05:20.723+0000] {taskinstance.py:1206} INFO - Marking task as SUCCESS. dag_id=mental_health_etl_pro, task_id=transform_task, run_id=manual__2025-11-24T23:05:11.384579+00:00, execution_date=20251124T230511, start_date=20251124T230519, end_date=20251124T230520
[2025-11-24T23:05:20.779+0000] {local_task_job_runner.py:240} INFO - Task exited with return code 0
[2025-11-24T23:05:20.830+0000] {taskinstance.py:3498} INFO - 1 downstream tasks scheduled from follow-on schedule check
[2025-11-24T23:05:20.837+0000] {local_task_job_runner.py:222} INFO - ::endgroup::
