[2025-11-24T22:39:46.845+0000] {local_task_job_runner.py:120} INFO - ::group::Pre task execution logs
[2025-11-24T22:39:46.920+0000] {taskinstance.py:2076} INFO - Dependencies all met for dep_context=non-requeueable deps ti=<TaskInstance: mental_health_etl.load_task scheduled__2025-11-23T00:00:00+00:00 [queued]>
[2025-11-24T22:39:46.933+0000] {taskinstance.py:2076} INFO - Dependencies all met for dep_context=requeueable deps ti=<TaskInstance: mental_health_etl.load_task scheduled__2025-11-23T00:00:00+00:00 [queued]>
[2025-11-24T22:39:46.936+0000] {taskinstance.py:2306} INFO - Starting attempt 1 of 2
[2025-11-24T22:39:46.956+0000] {taskinstance.py:2330} INFO - Executing <Task(PythonOperator): load_task> on 2025-11-23 00:00:00+00:00
[2025-11-24T22:39:46.973+0000] {logging_mixin.py:188} WARNING - /home/***/.local/lib/python3.12/site-packages/***/task/task_runner/standard_task_runner.py:61 DeprecationWarning: This process (pid=214) is multi-threaded, use of fork() may lead to deadlocks in the child.
[2025-11-24T22:39:46.975+0000] {standard_task_runner.py:63} INFO - Started process 216 to run task
[2025-11-24T22:39:46.973+0000] {standard_task_runner.py:90} INFO - Running: ['***', 'tasks', 'run', 'mental_health_etl', 'load_task', 'scheduled__2025-11-23T00:00:00+00:00', '--job-id', '4', '--raw', '--subdir', 'DAGS_FOLDER/mental_health_etl.py', '--cfg-path', '/tmp/tmpmj6lj3gu']
[2025-11-24T22:39:46.976+0000] {standard_task_runner.py:91} INFO - Job 4: Subtask load_task
[2025-11-24T22:39:46.999+0000] {logging_mixin.py:188} WARNING - /home/***/.local/lib/python3.12/site-packages/***/settings.py:195 DeprecationWarning: The sql_alchemy_conn option in [core] has been moved to the sql_alchemy_conn option in [database] - the old setting has been used, but please update your config.
[2025-11-24T22:39:47.062+0000] {task_command.py:426} INFO - Running <TaskInstance: mental_health_etl.load_task scheduled__2025-11-23T00:00:00+00:00 [running]> on host 5487bfeafc15
[2025-11-24T22:39:47.219+0000] {taskinstance.py:2648} INFO - Exporting env vars: AIRFLOW_CTX_DAG_OWNER='student' AIRFLOW_CTX_DAG_ID='mental_health_etl' AIRFLOW_CTX_TASK_ID='load_task' AIRFLOW_CTX_EXECUTION_DATE='2025-11-23T00:00:00+00:00' AIRFLOW_CTX_TRY_NUMBER='1' AIRFLOW_CTX_DAG_RUN_ID='scheduled__2025-11-23T00:00:00+00:00'
[2025-11-24T22:39:47.221+0000] {taskinstance.py:430} INFO - ::endgroup::
[2025-11-24T22:39:47.430+0000] {mental_health_etl.py:83} INFO - Cargando datos finales...
[2025-11-24T22:39:48.152+0000] {mental_health_etl.py:91} INFO - Pipeline finalizado. Archivo listo: /tmp/***_data_mental/mental_health_final.parquet
[2025-11-24T22:39:48.155+0000] {python.py:237} INFO - Done. Returned value was: None
[2025-11-24T22:39:48.156+0000] {taskinstance.py:441} INFO - ::group::Post task execution logs
[2025-11-24T22:39:48.176+0000] {taskinstance.py:1206} INFO - Marking task as SUCCESS. dag_id=mental_health_etl, task_id=load_task, run_id=scheduled__2025-11-23T00:00:00+00:00, execution_date=20251123T000000, start_date=20251124T223946, end_date=20251124T223948
[2025-11-24T22:39:48.239+0000] {local_task_job_runner.py:240} INFO - Task exited with return code 0
[2025-11-24T22:39:48.267+0000] {taskinstance.py:3498} INFO - 0 downstream tasks scheduled from follow-on schedule check
[2025-11-24T22:39:48.271+0000] {local_task_job_runner.py:222} INFO - ::endgroup::
