[2025-11-25T00:00:27.787+0000] {processor.py:161} INFO - Started process (PID=1248) to work on /opt/airflow/dags/mental_health_etl.py
[2025-11-25T00:00:27.790+0000] {processor.py:830} INFO - Processing file /opt/airflow/dags/mental_health_etl.py for tasks to queue
[2025-11-25T00:00:27.792+0000] {logging_mixin.py:188} INFO - [2025-11-25T00:00:27.791+0000] {dagbag.py:545} INFO - Filling up the DagBag from /opt/airflow/dags/mental_health_etl.py
[2025-11-25T00:00:28.632+0000] {processor.py:840} INFO - DAG(s) 'mental_health_etl_final' retrieved from /opt/airflow/dags/mental_health_etl.py
[2025-11-25T00:00:28.666+0000] {logging_mixin.py:188} INFO - [2025-11-25T00:00:28.666+0000] {dag.py:3096} INFO - Sync 1 DAGs
[2025-11-25T00:00:28.688+0000] {logging_mixin.py:188} INFO - [2025-11-25T00:00:28.688+0000] {dag.py:3954} INFO - Setting next_dagrun for mental_health_etl_final to 2025-11-25 00:00:00+00:00, run_after=2025-11-26 00:00:00+00:00
[2025-11-25T00:00:28.724+0000] {processor.py:183} INFO - Processing /opt/airflow/dags/mental_health_etl.py took 0.955 seconds
[2025-11-25T00:00:59.099+0000] {processor.py:161} INFO - Started process (PID=1254) to work on /opt/airflow/dags/mental_health_etl.py
[2025-11-25T00:00:59.102+0000] {processor.py:830} INFO - Processing file /opt/airflow/dags/mental_health_etl.py for tasks to queue
[2025-11-25T00:00:59.106+0000] {logging_mixin.py:188} INFO - [2025-11-25T00:00:59.104+0000] {dagbag.py:545} INFO - Filling up the DagBag from /opt/airflow/dags/mental_health_etl.py
[2025-11-25T00:00:59.848+0000] {processor.py:840} INFO - DAG(s) 'mental_health_etl_final' retrieved from /opt/airflow/dags/mental_health_etl.py
[2025-11-25T00:00:59.893+0000] {logging_mixin.py:188} INFO - [2025-11-25T00:00:59.892+0000] {dag.py:3096} INFO - Sync 1 DAGs
[2025-11-25T00:00:59.920+0000] {logging_mixin.py:188} INFO - [2025-11-25T00:00:59.919+0000] {dag.py:3954} INFO - Setting next_dagrun for mental_health_etl_final to 2025-11-25 00:00:00+00:00, run_after=2025-11-26 00:00:00+00:00
[2025-11-25T00:00:59.947+0000] {processor.py:183} INFO - Processing /opt/airflow/dags/mental_health_etl.py took 0.865 seconds
[2025-11-25T00:01:30.330+0000] {processor.py:161} INFO - Started process (PID=1260) to work on /opt/airflow/dags/mental_health_etl.py
[2025-11-25T00:01:30.332+0000] {processor.py:830} INFO - Processing file /opt/airflow/dags/mental_health_etl.py for tasks to queue
[2025-11-25T00:01:30.334+0000] {logging_mixin.py:188} INFO - [2025-11-25T00:01:30.333+0000] {dagbag.py:545} INFO - Filling up the DagBag from /opt/airflow/dags/mental_health_etl.py
[2025-11-25T00:01:30.951+0000] {processor.py:840} INFO - DAG(s) 'mental_health_etl_final' retrieved from /opt/airflow/dags/mental_health_etl.py
[2025-11-25T00:01:30.977+0000] {logging_mixin.py:188} INFO - [2025-11-25T00:01:30.977+0000] {dag.py:3096} INFO - Sync 1 DAGs
[2025-11-25T00:01:31.008+0000] {logging_mixin.py:188} INFO - [2025-11-25T00:01:31.006+0000] {dag.py:3954} INFO - Setting next_dagrun for mental_health_etl_final to 2025-11-25 00:00:00+00:00, run_after=2025-11-26 00:00:00+00:00
[2025-11-25T00:01:31.043+0000] {processor.py:183} INFO - Processing /opt/airflow/dags/mental_health_etl.py took 0.722 seconds
[2025-11-25T00:02:01.505+0000] {processor.py:161} INFO - Started process (PID=1266) to work on /opt/airflow/dags/mental_health_etl.py
[2025-11-25T00:02:01.506+0000] {processor.py:830} INFO - Processing file /opt/airflow/dags/mental_health_etl.py for tasks to queue
[2025-11-25T00:02:01.508+0000] {logging_mixin.py:188} INFO - [2025-11-25T00:02:01.508+0000] {dagbag.py:545} INFO - Filling up the DagBag from /opt/airflow/dags/mental_health_etl.py
[2025-11-25T00:02:02.121+0000] {processor.py:840} INFO - DAG(s) 'mental_health_etl_final' retrieved from /opt/airflow/dags/mental_health_etl.py
[2025-11-25T00:02:02.147+0000] {logging_mixin.py:188} INFO - [2025-11-25T00:02:02.147+0000] {dag.py:3096} INFO - Sync 1 DAGs
[2025-11-25T00:02:02.167+0000] {logging_mixin.py:188} INFO - [2025-11-25T00:02:02.167+0000] {dag.py:3954} INFO - Setting next_dagrun for mental_health_etl_final to 2025-11-25 00:00:00+00:00, run_after=2025-11-26 00:00:00+00:00
[2025-11-25T00:02:02.190+0000] {processor.py:183} INFO - Processing /opt/airflow/dags/mental_health_etl.py took 0.693 seconds
[2025-11-25T00:02:32.551+0000] {processor.py:161} INFO - Started process (PID=1272) to work on /opt/airflow/dags/mental_health_etl.py
[2025-11-25T00:02:32.553+0000] {processor.py:830} INFO - Processing file /opt/airflow/dags/mental_health_etl.py for tasks to queue
[2025-11-25T00:02:32.555+0000] {logging_mixin.py:188} INFO - [2025-11-25T00:02:32.554+0000] {dagbag.py:545} INFO - Filling up the DagBag from /opt/airflow/dags/mental_health_etl.py
[2025-11-25T00:02:33.066+0000] {processor.py:840} INFO - DAG(s) 'mental_health_etl_final' retrieved from /opt/airflow/dags/mental_health_etl.py
[2025-11-25T00:02:33.105+0000] {logging_mixin.py:188} INFO - [2025-11-25T00:02:33.104+0000] {dag.py:3096} INFO - Sync 1 DAGs
[2025-11-25T00:02:33.131+0000] {logging_mixin.py:188} INFO - [2025-11-25T00:02:33.131+0000] {dag.py:3954} INFO - Setting next_dagrun for mental_health_etl_final to 2025-11-25 00:00:00+00:00, run_after=2025-11-26 00:00:00+00:00
[2025-11-25T00:02:33.175+0000] {processor.py:183} INFO - Processing /opt/airflow/dags/mental_health_etl.py took 0.631 seconds
[2025-11-25T00:03:03.522+0000] {processor.py:161} INFO - Started process (PID=1278) to work on /opt/airflow/dags/mental_health_etl.py
[2025-11-25T00:03:03.524+0000] {processor.py:830} INFO - Processing file /opt/airflow/dags/mental_health_etl.py for tasks to queue
[2025-11-25T00:03:03.528+0000] {logging_mixin.py:188} INFO - [2025-11-25T00:03:03.527+0000] {dagbag.py:545} INFO - Filling up the DagBag from /opt/airflow/dags/mental_health_etl.py
[2025-11-25T00:03:04.092+0000] {processor.py:840} INFO - DAG(s) 'mental_health_etl_final' retrieved from /opt/airflow/dags/mental_health_etl.py
[2025-11-25T00:03:04.124+0000] {logging_mixin.py:188} INFO - [2025-11-25T00:03:04.123+0000] {dag.py:3096} INFO - Sync 1 DAGs
[2025-11-25T00:03:04.148+0000] {logging_mixin.py:188} INFO - [2025-11-25T00:03:04.147+0000] {dag.py:3954} INFO - Setting next_dagrun for mental_health_etl_final to 2025-11-25 00:00:00+00:00, run_after=2025-11-26 00:00:00+00:00
[2025-11-25T00:03:04.174+0000] {processor.py:183} INFO - Processing /opt/airflow/dags/mental_health_etl.py took 0.663 seconds
[2025-11-25T00:03:34.463+0000] {processor.py:161} INFO - Started process (PID=1284) to work on /opt/airflow/dags/mental_health_etl.py
[2025-11-25T00:03:34.464+0000] {processor.py:830} INFO - Processing file /opt/airflow/dags/mental_health_etl.py for tasks to queue
[2025-11-25T00:03:34.465+0000] {logging_mixin.py:188} INFO - [2025-11-25T00:03:34.465+0000] {dagbag.py:545} INFO - Filling up the DagBag from /opt/airflow/dags/mental_health_etl.py
[2025-11-25T00:03:34.950+0000] {processor.py:840} INFO - DAG(s) 'mental_health_etl_final' retrieved from /opt/airflow/dags/mental_health_etl.py
[2025-11-25T00:03:34.977+0000] {logging_mixin.py:188} INFO - [2025-11-25T00:03:34.976+0000] {dag.py:3096} INFO - Sync 1 DAGs
[2025-11-25T00:03:35.002+0000] {logging_mixin.py:188} INFO - [2025-11-25T00:03:35.002+0000] {dag.py:3954} INFO - Setting next_dagrun for mental_health_etl_final to 2025-11-25 00:00:00+00:00, run_after=2025-11-26 00:00:00+00:00
[2025-11-25T00:03:35.024+0000] {processor.py:183} INFO - Processing /opt/airflow/dags/mental_health_etl.py took 0.567 seconds
[2025-11-25T00:04:05.370+0000] {processor.py:161} INFO - Started process (PID=1290) to work on /opt/airflow/dags/mental_health_etl.py
[2025-11-25T00:04:05.371+0000] {processor.py:830} INFO - Processing file /opt/airflow/dags/mental_health_etl.py for tasks to queue
[2025-11-25T00:04:05.373+0000] {logging_mixin.py:188} INFO - [2025-11-25T00:04:05.372+0000] {dagbag.py:545} INFO - Filling up the DagBag from /opt/airflow/dags/mental_health_etl.py
[2025-11-25T00:04:05.944+0000] {processor.py:840} INFO - DAG(s) 'mental_health_etl_final' retrieved from /opt/airflow/dags/mental_health_etl.py
[2025-11-25T00:04:05.979+0000] {logging_mixin.py:188} INFO - [2025-11-25T00:04:05.979+0000] {dag.py:3096} INFO - Sync 1 DAGs
[2025-11-25T00:04:06.007+0000] {logging_mixin.py:188} INFO - [2025-11-25T00:04:06.006+0000] {dag.py:3954} INFO - Setting next_dagrun for mental_health_etl_final to 2025-11-25 00:00:00+00:00, run_after=2025-11-26 00:00:00+00:00
[2025-11-25T00:04:06.040+0000] {processor.py:183} INFO - Processing /opt/airflow/dags/mental_health_etl.py took 0.678 seconds
[2025-11-25T00:04:36.391+0000] {processor.py:161} INFO - Started process (PID=1296) to work on /opt/airflow/dags/mental_health_etl.py
[2025-11-25T00:04:36.393+0000] {processor.py:830} INFO - Processing file /opt/airflow/dags/mental_health_etl.py for tasks to queue
[2025-11-25T00:04:36.395+0000] {logging_mixin.py:188} INFO - [2025-11-25T00:04:36.394+0000] {dagbag.py:545} INFO - Filling up the DagBag from /opt/airflow/dags/mental_health_etl.py
[2025-11-25T00:04:36.927+0000] {processor.py:840} INFO - DAG(s) 'mental_health_etl_final' retrieved from /opt/airflow/dags/mental_health_etl.py
[2025-11-25T00:04:36.953+0000] {logging_mixin.py:188} INFO - [2025-11-25T00:04:36.953+0000] {dag.py:3096} INFO - Sync 1 DAGs
[2025-11-25T00:04:36.977+0000] {logging_mixin.py:188} INFO - [2025-11-25T00:04:36.976+0000] {dag.py:3954} INFO - Setting next_dagrun for mental_health_etl_final to 2025-11-25 00:00:00+00:00, run_after=2025-11-26 00:00:00+00:00
[2025-11-25T00:04:37.002+0000] {processor.py:183} INFO - Processing /opt/airflow/dags/mental_health_etl.py took 0.619 seconds
[2025-11-25T00:05:07.360+0000] {processor.py:161} INFO - Started process (PID=1302) to work on /opt/airflow/dags/mental_health_etl.py
[2025-11-25T00:05:07.362+0000] {processor.py:830} INFO - Processing file /opt/airflow/dags/mental_health_etl.py for tasks to queue
[2025-11-25T00:05:07.364+0000] {logging_mixin.py:188} INFO - [2025-11-25T00:05:07.364+0000] {dagbag.py:545} INFO - Filling up the DagBag from /opt/airflow/dags/mental_health_etl.py
[2025-11-25T00:05:07.975+0000] {processor.py:840} INFO - DAG(s) 'mental_health_etl_final' retrieved from /opt/airflow/dags/mental_health_etl.py
[2025-11-25T00:05:08.017+0000] {logging_mixin.py:188} INFO - [2025-11-25T00:05:08.017+0000] {dag.py:3096} INFO - Sync 1 DAGs
[2025-11-25T00:05:08.047+0000] {logging_mixin.py:188} INFO - [2025-11-25T00:05:08.046+0000] {dag.py:3954} INFO - Setting next_dagrun for mental_health_etl_final to 2025-11-25 00:00:00+00:00, run_after=2025-11-26 00:00:00+00:00
[2025-11-25T00:05:08.081+0000] {processor.py:183} INFO - Processing /opt/airflow/dags/mental_health_etl.py took 0.731 seconds
[2025-11-25T00:05:38.550+0000] {processor.py:161} INFO - Started process (PID=1308) to work on /opt/airflow/dags/mental_health_etl.py
[2025-11-25T00:05:38.554+0000] {processor.py:830} INFO - Processing file /opt/airflow/dags/mental_health_etl.py for tasks to queue
[2025-11-25T00:05:38.558+0000] {logging_mixin.py:188} INFO - [2025-11-25T00:05:38.556+0000] {dagbag.py:545} INFO - Filling up the DagBag from /opt/airflow/dags/mental_health_etl.py
[2025-11-25T00:05:39.718+0000] {processor.py:840} INFO - DAG(s) 'mental_health_etl_final' retrieved from /opt/airflow/dags/mental_health_etl.py
[2025-11-25T00:05:39.756+0000] {logging_mixin.py:188} INFO - [2025-11-25T00:05:39.755+0000] {dag.py:3096} INFO - Sync 1 DAGs
[2025-11-25T00:05:39.782+0000] {logging_mixin.py:188} INFO - [2025-11-25T00:05:39.781+0000] {dag.py:3954} INFO - Setting next_dagrun for mental_health_etl_final to 2025-11-25 00:00:00+00:00, run_after=2025-11-26 00:00:00+00:00
[2025-11-25T00:05:39.808+0000] {processor.py:183} INFO - Processing /opt/airflow/dags/mental_health_etl.py took 1.283 seconds
[2025-11-25T00:06:09.922+0000] {processor.py:161} INFO - Started process (PID=1314) to work on /opt/airflow/dags/mental_health_etl.py
[2025-11-25T00:06:09.924+0000] {processor.py:830} INFO - Processing file /opt/airflow/dags/mental_health_etl.py for tasks to queue
[2025-11-25T00:06:09.925+0000] {logging_mixin.py:188} INFO - [2025-11-25T00:06:09.925+0000] {dagbag.py:545} INFO - Filling up the DagBag from /opt/airflow/dags/mental_health_etl.py
[2025-11-25T00:06:10.604+0000] {processor.py:840} INFO - DAG(s) 'mental_health_etl_final' retrieved from /opt/airflow/dags/mental_health_etl.py
[2025-11-25T00:06:10.637+0000] {logging_mixin.py:188} INFO - [2025-11-25T00:06:10.636+0000] {dag.py:3096} INFO - Sync 1 DAGs
[2025-11-25T00:06:10.667+0000] {logging_mixin.py:188} INFO - [2025-11-25T00:06:10.667+0000] {dag.py:3954} INFO - Setting next_dagrun for mental_health_etl_final to 2025-11-25 00:00:00+00:00, run_after=2025-11-26 00:00:00+00:00
[2025-11-25T00:06:10.706+0000] {processor.py:183} INFO - Processing /opt/airflow/dags/mental_health_etl.py took 0.803 seconds
[2025-11-25T00:06:41.130+0000] {processor.py:161} INFO - Started process (PID=1320) to work on /opt/airflow/dags/mental_health_etl.py
[2025-11-25T00:06:41.132+0000] {processor.py:830} INFO - Processing file /opt/airflow/dags/mental_health_etl.py for tasks to queue
[2025-11-25T00:06:41.135+0000] {logging_mixin.py:188} INFO - [2025-11-25T00:06:41.134+0000] {dagbag.py:545} INFO - Filling up the DagBag from /opt/airflow/dags/mental_health_etl.py
[2025-11-25T00:06:41.953+0000] {processor.py:840} INFO - DAG(s) 'mental_health_etl_final' retrieved from /opt/airflow/dags/mental_health_etl.py
[2025-11-25T00:06:41.987+0000] {logging_mixin.py:188} INFO - [2025-11-25T00:06:41.987+0000] {dag.py:3096} INFO - Sync 1 DAGs
[2025-11-25T00:06:42.008+0000] {logging_mixin.py:188} INFO - [2025-11-25T00:06:42.008+0000] {dag.py:3954} INFO - Setting next_dagrun for mental_health_etl_final to 2025-11-25 00:00:00+00:00, run_after=2025-11-26 00:00:00+00:00
[2025-11-25T00:06:42.035+0000] {processor.py:183} INFO - Processing /opt/airflow/dags/mental_health_etl.py took 0.915 seconds
[2025-11-25T00:07:12.420+0000] {processor.py:161} INFO - Started process (PID=1326) to work on /opt/airflow/dags/mental_health_etl.py
[2025-11-25T00:07:12.422+0000] {processor.py:830} INFO - Processing file /opt/airflow/dags/mental_health_etl.py for tasks to queue
[2025-11-25T00:07:12.424+0000] {logging_mixin.py:188} INFO - [2025-11-25T00:07:12.423+0000] {dagbag.py:545} INFO - Filling up the DagBag from /opt/airflow/dags/mental_health_etl.py
[2025-11-25T00:07:13.068+0000] {processor.py:840} INFO - DAG(s) 'mental_health_etl_final' retrieved from /opt/airflow/dags/mental_health_etl.py
[2025-11-25T00:07:13.095+0000] {logging_mixin.py:188} INFO - [2025-11-25T00:07:13.094+0000] {dag.py:3096} INFO - Sync 1 DAGs
[2025-11-25T00:07:13.117+0000] {logging_mixin.py:188} INFO - [2025-11-25T00:07:13.117+0000] {dag.py:3954} INFO - Setting next_dagrun for mental_health_etl_final to 2025-11-25 00:00:00+00:00, run_after=2025-11-26 00:00:00+00:00
[2025-11-25T00:07:13.147+0000] {processor.py:183} INFO - Processing /opt/airflow/dags/mental_health_etl.py took 0.734 seconds
[2025-11-25T00:07:43.560+0000] {processor.py:161} INFO - Started process (PID=1332) to work on /opt/airflow/dags/mental_health_etl.py
[2025-11-25T00:07:43.563+0000] {processor.py:830} INFO - Processing file /opt/airflow/dags/mental_health_etl.py for tasks to queue
[2025-11-25T00:07:43.566+0000] {logging_mixin.py:188} INFO - [2025-11-25T00:07:43.565+0000] {dagbag.py:545} INFO - Filling up the DagBag from /opt/airflow/dags/mental_health_etl.py
[2025-11-25T00:07:44.210+0000] {processor.py:840} INFO - DAG(s) 'mental_health_etl_final' retrieved from /opt/airflow/dags/mental_health_etl.py
[2025-11-25T00:07:44.234+0000] {logging_mixin.py:188} INFO - [2025-11-25T00:07:44.233+0000] {dag.py:3096} INFO - Sync 1 DAGs
[2025-11-25T00:07:44.256+0000] {logging_mixin.py:188} INFO - [2025-11-25T00:07:44.256+0000] {dag.py:3954} INFO - Setting next_dagrun for mental_health_etl_final to 2025-11-25 00:00:00+00:00, run_after=2025-11-26 00:00:00+00:00
[2025-11-25T00:07:44.284+0000] {processor.py:183} INFO - Processing /opt/airflow/dags/mental_health_etl.py took 0.738 seconds
[2025-11-25T00:08:14.655+0000] {processor.py:161} INFO - Started process (PID=1338) to work on /opt/airflow/dags/mental_health_etl.py
[2025-11-25T00:08:14.657+0000] {processor.py:830} INFO - Processing file /opt/airflow/dags/mental_health_etl.py for tasks to queue
[2025-11-25T00:08:14.658+0000] {logging_mixin.py:188} INFO - [2025-11-25T00:08:14.658+0000] {dagbag.py:545} INFO - Filling up the DagBag from /opt/airflow/dags/mental_health_etl.py
[2025-11-25T00:08:15.273+0000] {processor.py:840} INFO - DAG(s) 'mental_health_etl_final' retrieved from /opt/airflow/dags/mental_health_etl.py
[2025-11-25T00:08:15.307+0000] {logging_mixin.py:188} INFO - [2025-11-25T00:08:15.306+0000] {dag.py:3096} INFO - Sync 1 DAGs
[2025-11-25T00:08:15.329+0000] {logging_mixin.py:188} INFO - [2025-11-25T00:08:15.329+0000] {dag.py:3954} INFO - Setting next_dagrun for mental_health_etl_final to 2025-11-25 00:00:00+00:00, run_after=2025-11-26 00:00:00+00:00
[2025-11-25T00:08:15.355+0000] {processor.py:183} INFO - Processing /opt/airflow/dags/mental_health_etl.py took 0.708 seconds
[2025-11-25T00:08:45.618+0000] {processor.py:161} INFO - Started process (PID=1344) to work on /opt/airflow/dags/mental_health_etl.py
[2025-11-25T00:08:45.620+0000] {processor.py:830} INFO - Processing file /opt/airflow/dags/mental_health_etl.py for tasks to queue
[2025-11-25T00:08:45.622+0000] {logging_mixin.py:188} INFO - [2025-11-25T00:08:45.621+0000] {dagbag.py:545} INFO - Filling up the DagBag from /opt/airflow/dags/mental_health_etl.py
[2025-11-25T00:08:46.310+0000] {processor.py:840} INFO - DAG(s) 'mental_health_etl_final' retrieved from /opt/airflow/dags/mental_health_etl.py
[2025-11-25T00:08:46.340+0000] {logging_mixin.py:188} INFO - [2025-11-25T00:08:46.340+0000] {dag.py:3096} INFO - Sync 1 DAGs
[2025-11-25T00:08:46.360+0000] {logging_mixin.py:188} INFO - [2025-11-25T00:08:46.360+0000] {dag.py:3954} INFO - Setting next_dagrun for mental_health_etl_final to 2025-11-25 00:00:00+00:00, run_after=2025-11-26 00:00:00+00:00
[2025-11-25T00:08:46.404+0000] {processor.py:183} INFO - Processing /opt/airflow/dags/mental_health_etl.py took 0.799 seconds
[2025-11-25T00:09:16.766+0000] {processor.py:161} INFO - Started process (PID=1350) to work on /opt/airflow/dags/mental_health_etl.py
[2025-11-25T00:09:16.767+0000] {processor.py:830} INFO - Processing file /opt/airflow/dags/mental_health_etl.py for tasks to queue
[2025-11-25T00:09:16.769+0000] {logging_mixin.py:188} INFO - [2025-11-25T00:09:16.768+0000] {dagbag.py:545} INFO - Filling up the DagBag from /opt/airflow/dags/mental_health_etl.py
[2025-11-25T00:09:17.329+0000] {processor.py:840} INFO - DAG(s) 'mental_health_etl_final' retrieved from /opt/airflow/dags/mental_health_etl.py
[2025-11-25T00:09:17.371+0000] {logging_mixin.py:188} INFO - [2025-11-25T00:09:17.370+0000] {dag.py:3096} INFO - Sync 1 DAGs
[2025-11-25T00:09:17.390+0000] {logging_mixin.py:188} INFO - [2025-11-25T00:09:17.390+0000] {dag.py:3954} INFO - Setting next_dagrun for mental_health_etl_final to 2025-11-25 00:00:00+00:00, run_after=2025-11-26 00:00:00+00:00
[2025-11-25T00:09:17.418+0000] {processor.py:183} INFO - Processing /opt/airflow/dags/mental_health_etl.py took 0.662 seconds
[2025-11-25T00:09:47.770+0000] {processor.py:161} INFO - Started process (PID=1356) to work on /opt/airflow/dags/mental_health_etl.py
[2025-11-25T00:09:47.773+0000] {processor.py:830} INFO - Processing file /opt/airflow/dags/mental_health_etl.py for tasks to queue
[2025-11-25T00:09:47.775+0000] {logging_mixin.py:188} INFO - [2025-11-25T00:09:47.775+0000] {dagbag.py:545} INFO - Filling up the DagBag from /opt/airflow/dags/mental_health_etl.py
[2025-11-25T00:09:48.346+0000] {processor.py:840} INFO - DAG(s) 'mental_health_etl_final' retrieved from /opt/airflow/dags/mental_health_etl.py
[2025-11-25T00:09:48.377+0000] {logging_mixin.py:188} INFO - [2025-11-25T00:09:48.376+0000] {dag.py:3096} INFO - Sync 1 DAGs
[2025-11-25T00:09:48.398+0000] {logging_mixin.py:188} INFO - [2025-11-25T00:09:48.398+0000] {dag.py:3954} INFO - Setting next_dagrun for mental_health_etl_final to 2025-11-25 00:00:00+00:00, run_after=2025-11-26 00:00:00+00:00
[2025-11-25T00:09:48.422+0000] {processor.py:183} INFO - Processing /opt/airflow/dags/mental_health_etl.py took 0.661 seconds
[2025-11-25T00:10:18.797+0000] {processor.py:161} INFO - Started process (PID=1362) to work on /opt/airflow/dags/mental_health_etl.py
[2025-11-25T00:10:18.803+0000] {processor.py:830} INFO - Processing file /opt/airflow/dags/mental_health_etl.py for tasks to queue
[2025-11-25T00:10:18.808+0000] {logging_mixin.py:188} INFO - [2025-11-25T00:10:18.806+0000] {dagbag.py:545} INFO - Filling up the DagBag from /opt/airflow/dags/mental_health_etl.py
[2025-11-25T00:10:20.460+0000] {processor.py:840} INFO - DAG(s) 'mental_health_etl_final' retrieved from /opt/airflow/dags/mental_health_etl.py
[2025-11-25T00:10:20.562+0000] {logging_mixin.py:188} INFO - [2025-11-25T00:10:20.561+0000] {dag.py:3096} INFO - Sync 1 DAGs
[2025-11-25T00:10:20.594+0000] {logging_mixin.py:188} INFO - [2025-11-25T00:10:20.594+0000] {dag.py:3954} INFO - Setting next_dagrun for mental_health_etl_final to 2025-11-25 00:00:00+00:00, run_after=2025-11-26 00:00:00+00:00
[2025-11-25T00:10:20.625+0000] {processor.py:183} INFO - Processing /opt/airflow/dags/mental_health_etl.py took 1.856 seconds
[2025-11-25T00:10:50.801+0000] {processor.py:161} INFO - Started process (PID=1368) to work on /opt/airflow/dags/mental_health_etl.py
[2025-11-25T00:10:50.803+0000] {processor.py:830} INFO - Processing file /opt/airflow/dags/mental_health_etl.py for tasks to queue
[2025-11-25T00:10:50.807+0000] {logging_mixin.py:188} INFO - [2025-11-25T00:10:50.806+0000] {dagbag.py:545} INFO - Filling up the DagBag from /opt/airflow/dags/mental_health_etl.py
[2025-11-25T00:10:51.480+0000] {processor.py:840} INFO - DAG(s) 'mental_health_etl_final' retrieved from /opt/airflow/dags/mental_health_etl.py
[2025-11-25T00:10:51.508+0000] {logging_mixin.py:188} INFO - [2025-11-25T00:10:51.508+0000] {dag.py:3096} INFO - Sync 1 DAGs
[2025-11-25T00:10:51.529+0000] {logging_mixin.py:188} INFO - [2025-11-25T00:10:51.528+0000] {dag.py:3954} INFO - Setting next_dagrun for mental_health_etl_final to 2025-11-25 00:00:00+00:00, run_after=2025-11-26 00:00:00+00:00
[2025-11-25T00:10:51.560+0000] {processor.py:183} INFO - Processing /opt/airflow/dags/mental_health_etl.py took 0.772 seconds
[2025-11-25T00:11:21.912+0000] {processor.py:161} INFO - Started process (PID=1374) to work on /opt/airflow/dags/mental_health_etl.py
[2025-11-25T00:11:21.914+0000] {processor.py:830} INFO - Processing file /opt/airflow/dags/mental_health_etl.py for tasks to queue
[2025-11-25T00:11:21.915+0000] {logging_mixin.py:188} INFO - [2025-11-25T00:11:21.915+0000] {dagbag.py:545} INFO - Filling up the DagBag from /opt/airflow/dags/mental_health_etl.py
[2025-11-25T00:11:22.445+0000] {processor.py:840} INFO - DAG(s) 'mental_health_etl_final' retrieved from /opt/airflow/dags/mental_health_etl.py
[2025-11-25T00:11:22.469+0000] {logging_mixin.py:188} INFO - [2025-11-25T00:11:22.468+0000] {dag.py:3096} INFO - Sync 1 DAGs
[2025-11-25T00:11:22.489+0000] {logging_mixin.py:188} INFO - [2025-11-25T00:11:22.488+0000] {dag.py:3954} INFO - Setting next_dagrun for mental_health_etl_final to 2025-11-25 00:00:00+00:00, run_after=2025-11-26 00:00:00+00:00
[2025-11-25T00:11:22.510+0000] {processor.py:183} INFO - Processing /opt/airflow/dags/mental_health_etl.py took 0.606 seconds
[2025-11-25T00:11:53.067+0000] {processor.py:161} INFO - Started process (PID=1380) to work on /opt/airflow/dags/mental_health_etl.py
[2025-11-25T00:11:53.069+0000] {processor.py:830} INFO - Processing file /opt/airflow/dags/mental_health_etl.py for tasks to queue
[2025-11-25T00:11:53.071+0000] {logging_mixin.py:188} INFO - [2025-11-25T00:11:53.071+0000] {dagbag.py:545} INFO - Filling up the DagBag from /opt/airflow/dags/mental_health_etl.py
[2025-11-25T00:11:53.837+0000] {processor.py:840} INFO - DAG(s) 'mental_health_etl_final' retrieved from /opt/airflow/dags/mental_health_etl.py
[2025-11-25T00:11:53.867+0000] {logging_mixin.py:188} INFO - [2025-11-25T00:11:53.866+0000] {dag.py:3096} INFO - Sync 1 DAGs
[2025-11-25T00:11:53.890+0000] {logging_mixin.py:188} INFO - [2025-11-25T00:11:53.890+0000] {dag.py:3954} INFO - Setting next_dagrun for mental_health_etl_final to 2025-11-25 00:00:00+00:00, run_after=2025-11-26 00:00:00+00:00
[2025-11-25T00:11:53.918+0000] {processor.py:183} INFO - Processing /opt/airflow/dags/mental_health_etl.py took 0.862 seconds
[2025-11-25T00:12:24.273+0000] {processor.py:161} INFO - Started process (PID=1386) to work on /opt/airflow/dags/mental_health_etl.py
[2025-11-25T00:12:24.275+0000] {processor.py:830} INFO - Processing file /opt/airflow/dags/mental_health_etl.py for tasks to queue
[2025-11-25T00:12:24.276+0000] {logging_mixin.py:188} INFO - [2025-11-25T00:12:24.276+0000] {dagbag.py:545} INFO - Filling up the DagBag from /opt/airflow/dags/mental_health_etl.py
[2025-11-25T00:12:24.994+0000] {processor.py:840} INFO - DAG(s) 'mental_health_etl_final' retrieved from /opt/airflow/dags/mental_health_etl.py
[2025-11-25T00:12:25.031+0000] {logging_mixin.py:188} INFO - [2025-11-25T00:12:25.030+0000] {dag.py:3096} INFO - Sync 1 DAGs
[2025-11-25T00:12:25.054+0000] {logging_mixin.py:188} INFO - [2025-11-25T00:12:25.053+0000] {dag.py:3954} INFO - Setting next_dagrun for mental_health_etl_final to 2025-11-25 00:00:00+00:00, run_after=2025-11-26 00:00:00+00:00
[2025-11-25T00:12:25.085+0000] {processor.py:183} INFO - Processing /opt/airflow/dags/mental_health_etl.py took 0.819 seconds
[2025-11-25T00:12:55.419+0000] {processor.py:161} INFO - Started process (PID=1392) to work on /opt/airflow/dags/mental_health_etl.py
[2025-11-25T00:12:55.421+0000] {processor.py:830} INFO - Processing file /opt/airflow/dags/mental_health_etl.py for tasks to queue
[2025-11-25T00:12:55.423+0000] {logging_mixin.py:188} INFO - [2025-11-25T00:12:55.422+0000] {dagbag.py:545} INFO - Filling up the DagBag from /opt/airflow/dags/mental_health_etl.py
[2025-11-25T00:12:55.990+0000] {processor.py:840} INFO - DAG(s) 'mental_health_etl_final' retrieved from /opt/airflow/dags/mental_health_etl.py
[2025-11-25T00:12:56.019+0000] {logging_mixin.py:188} INFO - [2025-11-25T00:12:56.019+0000] {dag.py:3096} INFO - Sync 1 DAGs
[2025-11-25T00:12:56.042+0000] {logging_mixin.py:188} INFO - [2025-11-25T00:12:56.041+0000] {dag.py:3954} INFO - Setting next_dagrun for mental_health_etl_final to 2025-11-25 00:00:00+00:00, run_after=2025-11-26 00:00:00+00:00
[2025-11-25T00:12:56.067+0000] {processor.py:183} INFO - Processing /opt/airflow/dags/mental_health_etl.py took 0.656 seconds
[2025-11-25T00:13:26.347+0000] {processor.py:161} INFO - Started process (PID=1398) to work on /opt/airflow/dags/mental_health_etl.py
[2025-11-25T00:13:26.349+0000] {processor.py:830} INFO - Processing file /opt/airflow/dags/mental_health_etl.py for tasks to queue
[2025-11-25T00:13:26.352+0000] {logging_mixin.py:188} INFO - [2025-11-25T00:13:26.351+0000] {dagbag.py:545} INFO - Filling up the DagBag from /opt/airflow/dags/mental_health_etl.py
[2025-11-25T00:13:27.240+0000] {processor.py:840} INFO - DAG(s) 'mental_health_etl_final' retrieved from /opt/airflow/dags/mental_health_etl.py
[2025-11-25T00:13:27.276+0000] {logging_mixin.py:188} INFO - [2025-11-25T00:13:27.276+0000] {dag.py:3096} INFO - Sync 1 DAGs
[2025-11-25T00:13:27.302+0000] {logging_mixin.py:188} INFO - [2025-11-25T00:13:27.302+0000] {dag.py:3954} INFO - Setting next_dagrun for mental_health_etl_final to 2025-11-25 00:00:00+00:00, run_after=2025-11-26 00:00:00+00:00
[2025-11-25T00:13:27.331+0000] {processor.py:183} INFO - Processing /opt/airflow/dags/mental_health_etl.py took 0.996 seconds
[2025-11-25T00:13:57.688+0000] {processor.py:161} INFO - Started process (PID=1404) to work on /opt/airflow/dags/mental_health_etl.py
[2025-11-25T00:13:57.691+0000] {processor.py:830} INFO - Processing file /opt/airflow/dags/mental_health_etl.py for tasks to queue
[2025-11-25T00:13:57.694+0000] {logging_mixin.py:188} INFO - [2025-11-25T00:13:57.693+0000] {dagbag.py:545} INFO - Filling up the DagBag from /opt/airflow/dags/mental_health_etl.py
[2025-11-25T00:13:58.385+0000] {processor.py:840} INFO - DAG(s) 'mental_health_etl_final' retrieved from /opt/airflow/dags/mental_health_etl.py
[2025-11-25T00:13:58.413+0000] {logging_mixin.py:188} INFO - [2025-11-25T00:13:58.413+0000] {dag.py:3096} INFO - Sync 1 DAGs
[2025-11-25T00:13:58.440+0000] {logging_mixin.py:188} INFO - [2025-11-25T00:13:58.440+0000] {dag.py:3954} INFO - Setting next_dagrun for mental_health_etl_final to 2025-11-25 00:00:00+00:00, run_after=2025-11-26 00:00:00+00:00
[2025-11-25T00:13:58.473+0000] {processor.py:183} INFO - Processing /opt/airflow/dags/mental_health_etl.py took 0.798 seconds
[2025-11-25T00:14:28.824+0000] {processor.py:161} INFO - Started process (PID=1410) to work on /opt/airflow/dags/mental_health_etl.py
[2025-11-25T00:14:28.826+0000] {processor.py:830} INFO - Processing file /opt/airflow/dags/mental_health_etl.py for tasks to queue
[2025-11-25T00:14:28.828+0000] {logging_mixin.py:188} INFO - [2025-11-25T00:14:28.828+0000] {dagbag.py:545} INFO - Filling up the DagBag from /opt/airflow/dags/mental_health_etl.py
[2025-11-25T00:14:29.394+0000] {processor.py:840} INFO - DAG(s) 'mental_health_etl_final' retrieved from /opt/airflow/dags/mental_health_etl.py
[2025-11-25T00:14:29.417+0000] {logging_mixin.py:188} INFO - [2025-11-25T00:14:29.416+0000] {dag.py:3096} INFO - Sync 1 DAGs
[2025-11-25T00:14:29.438+0000] {logging_mixin.py:188} INFO - [2025-11-25T00:14:29.438+0000] {dag.py:3954} INFO - Setting next_dagrun for mental_health_etl_final to 2025-11-25 00:00:00+00:00, run_after=2025-11-26 00:00:00+00:00
[2025-11-25T00:14:29.464+0000] {processor.py:183} INFO - Processing /opt/airflow/dags/mental_health_etl.py took 0.648 seconds
[2025-11-25T00:14:59.764+0000] {processor.py:161} INFO - Started process (PID=1416) to work on /opt/airflow/dags/mental_health_etl.py
[2025-11-25T00:14:59.766+0000] {processor.py:830} INFO - Processing file /opt/airflow/dags/mental_health_etl.py for tasks to queue
[2025-11-25T00:14:59.767+0000] {logging_mixin.py:188} INFO - [2025-11-25T00:14:59.767+0000] {dagbag.py:545} INFO - Filling up the DagBag from /opt/airflow/dags/mental_health_etl.py
[2025-11-25T00:15:00.401+0000] {processor.py:840} INFO - DAG(s) 'mental_health_etl_final' retrieved from /opt/airflow/dags/mental_health_etl.py
[2025-11-25T00:15:00.430+0000] {logging_mixin.py:188} INFO - [2025-11-25T00:15:00.429+0000] {dag.py:3096} INFO - Sync 1 DAGs
[2025-11-25T00:15:00.455+0000] {logging_mixin.py:188} INFO - [2025-11-25T00:15:00.455+0000] {dag.py:3954} INFO - Setting next_dagrun for mental_health_etl_final to 2025-11-25 00:00:00+00:00, run_after=2025-11-26 00:00:00+00:00
[2025-11-25T00:15:00.482+0000] {processor.py:183} INFO - Processing /opt/airflow/dags/mental_health_etl.py took 0.726 seconds
[2025-11-25T00:15:30.780+0000] {processor.py:161} INFO - Started process (PID=1422) to work on /opt/airflow/dags/mental_health_etl.py
[2025-11-25T00:15:30.782+0000] {processor.py:830} INFO - Processing file /opt/airflow/dags/mental_health_etl.py for tasks to queue
[2025-11-25T00:15:30.783+0000] {logging_mixin.py:188} INFO - [2025-11-25T00:15:30.783+0000] {dagbag.py:545} INFO - Filling up the DagBag from /opt/airflow/dags/mental_health_etl.py
[2025-11-25T00:15:31.384+0000] {processor.py:840} INFO - DAG(s) 'mental_health_etl_final' retrieved from /opt/airflow/dags/mental_health_etl.py
[2025-11-25T00:15:31.424+0000] {logging_mixin.py:188} INFO - [2025-11-25T00:15:31.423+0000] {dag.py:3096} INFO - Sync 1 DAGs
[2025-11-25T00:15:31.455+0000] {logging_mixin.py:188} INFO - [2025-11-25T00:15:31.455+0000] {dag.py:3954} INFO - Setting next_dagrun for mental_health_etl_final to 2025-11-25 00:00:00+00:00, run_after=2025-11-26 00:00:00+00:00
[2025-11-25T00:15:31.490+0000] {processor.py:183} INFO - Processing /opt/airflow/dags/mental_health_etl.py took 0.717 seconds
[2025-11-25T00:16:01.702+0000] {processor.py:161} INFO - Started process (PID=1428) to work on /opt/airflow/dags/mental_health_etl.py
[2025-11-25T00:16:01.704+0000] {processor.py:830} INFO - Processing file /opt/airflow/dags/mental_health_etl.py for tasks to queue
[2025-11-25T00:16:01.705+0000] {logging_mixin.py:188} INFO - [2025-11-25T00:16:01.705+0000] {dagbag.py:545} INFO - Filling up the DagBag from /opt/airflow/dags/mental_health_etl.py
[2025-11-25T00:16:02.267+0000] {processor.py:840} INFO - DAG(s) 'mental_health_etl_final' retrieved from /opt/airflow/dags/mental_health_etl.py
[2025-11-25T00:16:02.296+0000] {logging_mixin.py:188} INFO - [2025-11-25T00:16:02.295+0000] {dag.py:3096} INFO - Sync 1 DAGs
[2025-11-25T00:16:02.318+0000] {logging_mixin.py:188} INFO - [2025-11-25T00:16:02.318+0000] {dag.py:3954} INFO - Setting next_dagrun for mental_health_etl_final to 2025-11-25 00:00:00+00:00, run_after=2025-11-26 00:00:00+00:00
[2025-11-25T00:16:02.341+0000] {processor.py:183} INFO - Processing /opt/airflow/dags/mental_health_etl.py took 0.646 seconds
[2025-11-25T00:16:32.731+0000] {processor.py:161} INFO - Started process (PID=1434) to work on /opt/airflow/dags/mental_health_etl.py
[2025-11-25T00:16:32.733+0000] {processor.py:830} INFO - Processing file /opt/airflow/dags/mental_health_etl.py for tasks to queue
[2025-11-25T00:16:32.735+0000] {logging_mixin.py:188} INFO - [2025-11-25T00:16:32.735+0000] {dagbag.py:545} INFO - Filling up the DagBag from /opt/airflow/dags/mental_health_etl.py
[2025-11-25T00:16:33.705+0000] {processor.py:840} INFO - DAG(s) 'mental_health_etl_final' retrieved from /opt/airflow/dags/mental_health_etl.py
[2025-11-25T00:16:33.741+0000] {logging_mixin.py:188} INFO - [2025-11-25T00:16:33.741+0000] {dag.py:3096} INFO - Sync 1 DAGs
[2025-11-25T00:16:33.764+0000] {logging_mixin.py:188} INFO - [2025-11-25T00:16:33.764+0000] {dag.py:3954} INFO - Setting next_dagrun for mental_health_etl_final to 2025-11-25 00:00:00+00:00, run_after=2025-11-26 00:00:00+00:00
[2025-11-25T00:16:33.783+0000] {processor.py:183} INFO - Processing /opt/airflow/dags/mental_health_etl.py took 1.063 seconds
[2025-11-25T00:17:04.312+0000] {processor.py:161} INFO - Started process (PID=1440) to work on /opt/airflow/dags/mental_health_etl.py
[2025-11-25T00:17:04.328+0000] {processor.py:830} INFO - Processing file /opt/airflow/dags/mental_health_etl.py for tasks to queue
[2025-11-25T00:17:04.333+0000] {logging_mixin.py:188} INFO - [2025-11-25T00:17:04.331+0000] {dagbag.py:545} INFO - Filling up the DagBag from /opt/airflow/dags/mental_health_etl.py
[2025-11-25T00:17:06.039+0000] {processor.py:840} INFO - DAG(s) 'mental_health_etl_final' retrieved from /opt/airflow/dags/mental_health_etl.py
[2025-11-25T00:17:06.073+0000] {logging_mixin.py:188} INFO - [2025-11-25T00:17:06.073+0000] {dag.py:3096} INFO - Sync 1 DAGs
[2025-11-25T00:17:06.104+0000] {logging_mixin.py:188} INFO - [2025-11-25T00:17:06.103+0000] {dag.py:3954} INFO - Setting next_dagrun for mental_health_etl_final to 2025-11-25 00:00:00+00:00, run_after=2025-11-26 00:00:00+00:00
[2025-11-25T00:17:06.129+0000] {processor.py:183} INFO - Processing /opt/airflow/dags/mental_health_etl.py took 2.004 seconds
[2025-11-25T00:17:36.396+0000] {processor.py:161} INFO - Started process (PID=1446) to work on /opt/airflow/dags/mental_health_etl.py
[2025-11-25T00:17:36.398+0000] {processor.py:830} INFO - Processing file /opt/airflow/dags/mental_health_etl.py for tasks to queue
[2025-11-25T00:17:36.401+0000] {logging_mixin.py:188} INFO - [2025-11-25T00:17:36.400+0000] {dagbag.py:545} INFO - Filling up the DagBag from /opt/airflow/dags/mental_health_etl.py
[2025-11-25T00:17:37.029+0000] {processor.py:840} INFO - DAG(s) 'mental_health_etl_final' retrieved from /opt/airflow/dags/mental_health_etl.py
[2025-11-25T00:17:37.061+0000] {logging_mixin.py:188} INFO - [2025-11-25T00:17:37.060+0000] {dag.py:3096} INFO - Sync 1 DAGs
[2025-11-25T00:17:37.087+0000] {logging_mixin.py:188} INFO - [2025-11-25T00:17:37.087+0000] {dag.py:3954} INFO - Setting next_dagrun for mental_health_etl_final to 2025-11-25 00:00:00+00:00, run_after=2025-11-26 00:00:00+00:00
[2025-11-25T00:17:37.118+0000] {processor.py:183} INFO - Processing /opt/airflow/dags/mental_health_etl.py took 0.733 seconds
[2025-11-25T00:18:07.442+0000] {processor.py:161} INFO - Started process (PID=1452) to work on /opt/airflow/dags/mental_health_etl.py
[2025-11-25T00:18:07.444+0000] {processor.py:830} INFO - Processing file /opt/airflow/dags/mental_health_etl.py for tasks to queue
[2025-11-25T00:18:07.445+0000] {logging_mixin.py:188} INFO - [2025-11-25T00:18:07.445+0000] {dagbag.py:545} INFO - Filling up the DagBag from /opt/airflow/dags/mental_health_etl.py
[2025-11-25T00:18:08.044+0000] {processor.py:840} INFO - DAG(s) 'mental_health_etl_final' retrieved from /opt/airflow/dags/mental_health_etl.py
[2025-11-25T00:18:08.073+0000] {logging_mixin.py:188} INFO - [2025-11-25T00:18:08.072+0000] {dag.py:3096} INFO - Sync 1 DAGs
[2025-11-25T00:18:08.094+0000] {logging_mixin.py:188} INFO - [2025-11-25T00:18:08.094+0000] {dag.py:3954} INFO - Setting next_dagrun for mental_health_etl_final to 2025-11-25 00:00:00+00:00, run_after=2025-11-26 00:00:00+00:00
[2025-11-25T00:18:08.121+0000] {processor.py:183} INFO - Processing /opt/airflow/dags/mental_health_etl.py took 0.686 seconds
[2025-11-25T00:18:38.427+0000] {processor.py:161} INFO - Started process (PID=1458) to work on /opt/airflow/dags/mental_health_etl.py
[2025-11-25T00:18:38.430+0000] {processor.py:830} INFO - Processing file /opt/airflow/dags/mental_health_etl.py for tasks to queue
[2025-11-25T00:18:38.431+0000] {logging_mixin.py:188} INFO - [2025-11-25T00:18:38.431+0000] {dagbag.py:545} INFO - Filling up the DagBag from /opt/airflow/dags/mental_health_etl.py
[2025-11-25T00:18:39.038+0000] {processor.py:840} INFO - DAG(s) 'mental_health_etl_final' retrieved from /opt/airflow/dags/mental_health_etl.py
[2025-11-25T00:18:39.066+0000] {logging_mixin.py:188} INFO - [2025-11-25T00:18:39.066+0000] {dag.py:3096} INFO - Sync 1 DAGs
[2025-11-25T00:18:39.092+0000] {logging_mixin.py:188} INFO - [2025-11-25T00:18:39.092+0000] {dag.py:3954} INFO - Setting next_dagrun for mental_health_etl_final to 2025-11-25 00:00:00+00:00, run_after=2025-11-26 00:00:00+00:00
[2025-11-25T00:18:39.112+0000] {processor.py:183} INFO - Processing /opt/airflow/dags/mental_health_etl.py took 0.694 seconds
[2025-11-25T00:19:09.471+0000] {processor.py:161} INFO - Started process (PID=1464) to work on /opt/airflow/dags/mental_health_etl.py
[2025-11-25T00:19:09.474+0000] {processor.py:830} INFO - Processing file /opt/airflow/dags/mental_health_etl.py for tasks to queue
[2025-11-25T00:19:09.475+0000] {logging_mixin.py:188} INFO - [2025-11-25T00:19:09.475+0000] {dagbag.py:545} INFO - Filling up the DagBag from /opt/airflow/dags/mental_health_etl.py
[2025-11-25T00:19:10.083+0000] {processor.py:840} INFO - DAG(s) 'mental_health_etl_final' retrieved from /opt/airflow/dags/mental_health_etl.py
[2025-11-25T00:19:10.112+0000] {logging_mixin.py:188} INFO - [2025-11-25T00:19:10.112+0000] {dag.py:3096} INFO - Sync 1 DAGs
[2025-11-25T00:19:10.134+0000] {logging_mixin.py:188} INFO - [2025-11-25T00:19:10.134+0000] {dag.py:3954} INFO - Setting next_dagrun for mental_health_etl_final to 2025-11-25 00:00:00+00:00, run_after=2025-11-26 00:00:00+00:00
[2025-11-25T00:19:10.167+0000] {processor.py:183} INFO - Processing /opt/airflow/dags/mental_health_etl.py took 0.708 seconds
[2025-11-25T00:19:40.490+0000] {processor.py:161} INFO - Started process (PID=1470) to work on /opt/airflow/dags/mental_health_etl.py
[2025-11-25T00:19:40.491+0000] {processor.py:830} INFO - Processing file /opt/airflow/dags/mental_health_etl.py for tasks to queue
[2025-11-25T00:19:40.492+0000] {logging_mixin.py:188} INFO - [2025-11-25T00:19:40.492+0000] {dagbag.py:545} INFO - Filling up the DagBag from /opt/airflow/dags/mental_health_etl.py
[2025-11-25T00:19:41.022+0000] {processor.py:840} INFO - DAG(s) 'mental_health_etl_final' retrieved from /opt/airflow/dags/mental_health_etl.py
[2025-11-25T00:19:41.050+0000] {logging_mixin.py:188} INFO - [2025-11-25T00:19:41.050+0000] {dag.py:3096} INFO - Sync 1 DAGs
[2025-11-25T00:19:41.071+0000] {logging_mixin.py:188} INFO - [2025-11-25T00:19:41.070+0000] {dag.py:3954} INFO - Setting next_dagrun for mental_health_etl_final to 2025-11-25 00:00:00+00:00, run_after=2025-11-26 00:00:00+00:00
[2025-11-25T00:19:41.093+0000] {processor.py:183} INFO - Processing /opt/airflow/dags/mental_health_etl.py took 0.610 seconds
[2025-11-25T00:20:11.441+0000] {processor.py:161} INFO - Started process (PID=1476) to work on /opt/airflow/dags/mental_health_etl.py
[2025-11-25T00:20:11.442+0000] {processor.py:830} INFO - Processing file /opt/airflow/dags/mental_health_etl.py for tasks to queue
[2025-11-25T00:20:11.444+0000] {logging_mixin.py:188} INFO - [2025-11-25T00:20:11.444+0000] {dagbag.py:545} INFO - Filling up the DagBag from /opt/airflow/dags/mental_health_etl.py
[2025-11-25T00:20:12.018+0000] {processor.py:840} INFO - DAG(s) 'mental_health_etl_final' retrieved from /opt/airflow/dags/mental_health_etl.py
[2025-11-25T00:20:12.053+0000] {logging_mixin.py:188} INFO - [2025-11-25T00:20:12.053+0000] {dag.py:3096} INFO - Sync 1 DAGs
[2025-11-25T00:20:12.072+0000] {logging_mixin.py:188} INFO - [2025-11-25T00:20:12.072+0000] {dag.py:3954} INFO - Setting next_dagrun for mental_health_etl_final to 2025-11-25 00:00:00+00:00, run_after=2025-11-26 00:00:00+00:00
[2025-11-25T00:20:12.096+0000] {processor.py:183} INFO - Processing /opt/airflow/dags/mental_health_etl.py took 0.662 seconds
[2025-11-25T00:20:42.346+0000] {processor.py:161} INFO - Started process (PID=1482) to work on /opt/airflow/dags/mental_health_etl.py
[2025-11-25T00:20:42.348+0000] {processor.py:830} INFO - Processing file /opt/airflow/dags/mental_health_etl.py for tasks to queue
[2025-11-25T00:20:42.349+0000] {logging_mixin.py:188} INFO - [2025-11-25T00:20:42.348+0000] {dagbag.py:545} INFO - Filling up the DagBag from /opt/airflow/dags/mental_health_etl.py
[2025-11-25T00:20:44.067+0000] {processor.py:840} INFO - DAG(s) 'mental_health_etl_final' retrieved from /opt/airflow/dags/mental_health_etl.py
[2025-11-25T00:20:44.113+0000] {logging_mixin.py:188} INFO - [2025-11-25T00:20:44.113+0000] {dag.py:3096} INFO - Sync 1 DAGs
[2025-11-25T00:20:44.147+0000] {logging_mixin.py:188} INFO - [2025-11-25T00:20:44.147+0000] {dag.py:3954} INFO - Setting next_dagrun for mental_health_etl_final to 2025-11-25 00:00:00+00:00, run_after=2025-11-26 00:00:00+00:00
[2025-11-25T00:20:44.171+0000] {processor.py:183} INFO - Processing /opt/airflow/dags/mental_health_etl.py took 1.832 seconds
[2025-11-25T00:21:14.335+0000] {processor.py:161} INFO - Started process (PID=1488) to work on /opt/airflow/dags/mental_health_etl.py
[2025-11-25T00:21:14.339+0000] {processor.py:830} INFO - Processing file /opt/airflow/dags/mental_health_etl.py for tasks to queue
[2025-11-25T00:21:14.341+0000] {logging_mixin.py:188} INFO - [2025-11-25T00:21:14.340+0000] {dagbag.py:545} INFO - Filling up the DagBag from /opt/airflow/dags/mental_health_etl.py
[2025-11-25T00:21:15.387+0000] {processor.py:840} INFO - DAG(s) 'mental_health_etl_final' retrieved from /opt/airflow/dags/mental_health_etl.py
[2025-11-25T00:21:15.433+0000] {logging_mixin.py:188} INFO - [2025-11-25T00:21:15.432+0000] {dag.py:3096} INFO - Sync 1 DAGs
[2025-11-25T00:21:15.472+0000] {logging_mixin.py:188} INFO - [2025-11-25T00:21:15.471+0000] {dag.py:3954} INFO - Setting next_dagrun for mental_health_etl_final to 2025-11-25 00:00:00+00:00, run_after=2025-11-26 00:00:00+00:00
[2025-11-25T00:21:15.518+0000] {processor.py:183} INFO - Processing /opt/airflow/dags/mental_health_etl.py took 1.194 seconds
[2025-11-25T00:21:45.744+0000] {processor.py:161} INFO - Started process (PID=1494) to work on /opt/airflow/dags/mental_health_etl.py
[2025-11-25T00:21:45.756+0000] {processor.py:830} INFO - Processing file /opt/airflow/dags/mental_health_etl.py for tasks to queue
[2025-11-25T00:21:45.765+0000] {logging_mixin.py:188} INFO - [2025-11-25T00:21:45.765+0000] {dagbag.py:545} INFO - Filling up the DagBag from /opt/airflow/dags/mental_health_etl.py
[2025-11-25T00:21:46.419+0000] {processor.py:840} INFO - DAG(s) 'mental_health_etl_final' retrieved from /opt/airflow/dags/mental_health_etl.py
[2025-11-25T00:21:46.451+0000] {logging_mixin.py:188} INFO - [2025-11-25T00:21:46.451+0000] {dag.py:3096} INFO - Sync 1 DAGs
[2025-11-25T00:21:46.486+0000] {logging_mixin.py:188} INFO - [2025-11-25T00:21:46.485+0000] {dag.py:3954} INFO - Setting next_dagrun for mental_health_etl_final to 2025-11-25 00:00:00+00:00, run_after=2025-11-26 00:00:00+00:00
[2025-11-25T00:21:46.523+0000] {processor.py:183} INFO - Processing /opt/airflow/dags/mental_health_etl.py took 0.786 seconds
[2025-11-25T00:22:17.066+0000] {processor.py:161} INFO - Started process (PID=1500) to work on /opt/airflow/dags/mental_health_etl.py
[2025-11-25T00:22:17.075+0000] {processor.py:830} INFO - Processing file /opt/airflow/dags/mental_health_etl.py for tasks to queue
[2025-11-25T00:22:17.077+0000] {logging_mixin.py:188} INFO - [2025-11-25T00:22:17.076+0000] {dagbag.py:545} INFO - Filling up the DagBag from /opt/airflow/dags/mental_health_etl.py
[2025-11-25T00:22:17.783+0000] {processor.py:840} INFO - DAG(s) 'mental_health_etl_final' retrieved from /opt/airflow/dags/mental_health_etl.py
[2025-11-25T00:22:17.814+0000] {logging_mixin.py:188} INFO - [2025-11-25T00:22:17.813+0000] {dag.py:3096} INFO - Sync 1 DAGs
[2025-11-25T00:22:17.856+0000] {logging_mixin.py:188} INFO - [2025-11-25T00:22:17.856+0000] {dag.py:3954} INFO - Setting next_dagrun for mental_health_etl_final to 2025-11-25 00:00:00+00:00, run_after=2025-11-26 00:00:00+00:00
[2025-11-25T00:22:18.243+0000] {processor.py:183} INFO - Processing /opt/airflow/dags/mental_health_etl.py took 1.213 seconds
[2025-11-25T00:22:48.483+0000] {processor.py:161} INFO - Started process (PID=1506) to work on /opt/airflow/dags/mental_health_etl.py
[2025-11-25T00:22:48.486+0000] {processor.py:830} INFO - Processing file /opt/airflow/dags/mental_health_etl.py for tasks to queue
[2025-11-25T00:22:48.489+0000] {logging_mixin.py:188} INFO - [2025-11-25T00:22:48.488+0000] {dagbag.py:545} INFO - Filling up the DagBag from /opt/airflow/dags/mental_health_etl.py
[2025-11-25T00:22:49.197+0000] {processor.py:840} INFO - DAG(s) 'mental_health_etl_final' retrieved from /opt/airflow/dags/mental_health_etl.py
[2025-11-25T00:22:49.227+0000] {logging_mixin.py:188} INFO - [2025-11-25T00:22:49.225+0000] {dag.py:3096} INFO - Sync 1 DAGs
[2025-11-25T00:22:49.278+0000] {logging_mixin.py:188} INFO - [2025-11-25T00:22:49.277+0000] {dag.py:3954} INFO - Setting next_dagrun for mental_health_etl_final to 2025-11-25 00:00:00+00:00, run_after=2025-11-26 00:00:00+00:00
[2025-11-25T00:22:49.309+0000] {processor.py:183} INFO - Processing /opt/airflow/dags/mental_health_etl.py took 0.845 seconds
[2025-11-25T00:23:19.720+0000] {processor.py:161} INFO - Started process (PID=1512) to work on /opt/airflow/dags/mental_health_etl.py
[2025-11-25T00:23:19.722+0000] {processor.py:830} INFO - Processing file /opt/airflow/dags/mental_health_etl.py for tasks to queue
[2025-11-25T00:23:19.723+0000] {logging_mixin.py:188} INFO - [2025-11-25T00:23:19.723+0000] {dagbag.py:545} INFO - Filling up the DagBag from /opt/airflow/dags/mental_health_etl.py
[2025-11-25T00:23:20.280+0000] {processor.py:840} INFO - DAG(s) 'mental_health_etl_final' retrieved from /opt/airflow/dags/mental_health_etl.py
[2025-11-25T00:23:20.305+0000] {logging_mixin.py:188} INFO - [2025-11-25T00:23:20.304+0000] {dag.py:3096} INFO - Sync 1 DAGs
[2025-11-25T00:23:20.325+0000] {logging_mixin.py:188} INFO - [2025-11-25T00:23:20.325+0000] {dag.py:3954} INFO - Setting next_dagrun for mental_health_etl_final to 2025-11-25 00:00:00+00:00, run_after=2025-11-26 00:00:00+00:00
[2025-11-25T00:23:20.347+0000] {processor.py:183} INFO - Processing /opt/airflow/dags/mental_health_etl.py took 0.635 seconds
[2025-11-25T00:23:50.721+0000] {processor.py:161} INFO - Started process (PID=1518) to work on /opt/airflow/dags/mental_health_etl.py
[2025-11-25T00:23:50.723+0000] {processor.py:830} INFO - Processing file /opt/airflow/dags/mental_health_etl.py for tasks to queue
[2025-11-25T00:23:50.727+0000] {logging_mixin.py:188} INFO - [2025-11-25T00:23:50.726+0000] {dagbag.py:545} INFO - Filling up the DagBag from /opt/airflow/dags/mental_health_etl.py
[2025-11-25T00:23:51.421+0000] {processor.py:840} INFO - DAG(s) 'mental_health_etl_final' retrieved from /opt/airflow/dags/mental_health_etl.py
[2025-11-25T00:23:51.459+0000] {logging_mixin.py:188} INFO - [2025-11-25T00:23:51.458+0000] {dag.py:3096} INFO - Sync 1 DAGs
[2025-11-25T00:23:51.496+0000] {logging_mixin.py:188} INFO - [2025-11-25T00:23:51.496+0000] {dag.py:3954} INFO - Setting next_dagrun for mental_health_etl_final to 2025-11-25 00:00:00+00:00, run_after=2025-11-26 00:00:00+00:00
[2025-11-25T00:23:51.526+0000] {processor.py:183} INFO - Processing /opt/airflow/dags/mental_health_etl.py took 0.816 seconds
[2025-11-25T00:24:21.864+0000] {processor.py:161} INFO - Started process (PID=1524) to work on /opt/airflow/dags/mental_health_etl.py
[2025-11-25T00:24:21.866+0000] {processor.py:830} INFO - Processing file /opt/airflow/dags/mental_health_etl.py for tasks to queue
[2025-11-25T00:24:21.868+0000] {logging_mixin.py:188} INFO - [2025-11-25T00:24:21.867+0000] {dagbag.py:545} INFO - Filling up the DagBag from /opt/airflow/dags/mental_health_etl.py
[2025-11-25T00:24:22.418+0000] {processor.py:840} INFO - DAG(s) 'mental_health_etl_final' retrieved from /opt/airflow/dags/mental_health_etl.py
[2025-11-25T00:24:22.446+0000] {logging_mixin.py:188} INFO - [2025-11-25T00:24:22.446+0000] {dag.py:3096} INFO - Sync 1 DAGs
[2025-11-25T00:24:22.466+0000] {logging_mixin.py:188} INFO - [2025-11-25T00:24:22.466+0000] {dag.py:3954} INFO - Setting next_dagrun for mental_health_etl_final to 2025-11-25 00:00:00+00:00, run_after=2025-11-26 00:00:00+00:00
[2025-11-25T00:24:22.489+0000] {processor.py:183} INFO - Processing /opt/airflow/dags/mental_health_etl.py took 0.632 seconds
[2025-11-25T00:24:52.822+0000] {processor.py:161} INFO - Started process (PID=1530) to work on /opt/airflow/dags/mental_health_etl.py
[2025-11-25T00:24:52.824+0000] {processor.py:830} INFO - Processing file /opt/airflow/dags/mental_health_etl.py for tasks to queue
[2025-11-25T00:24:52.826+0000] {logging_mixin.py:188} INFO - [2025-11-25T00:24:52.826+0000] {dagbag.py:545} INFO - Filling up the DagBag from /opt/airflow/dags/mental_health_etl.py
[2025-11-25T00:24:53.380+0000] {processor.py:840} INFO - DAG(s) 'mental_health_etl_final' retrieved from /opt/airflow/dags/mental_health_etl.py
[2025-11-25T00:24:53.409+0000] {logging_mixin.py:188} INFO - [2025-11-25T00:24:53.408+0000] {dag.py:3096} INFO - Sync 1 DAGs
[2025-11-25T00:24:53.431+0000] {logging_mixin.py:188} INFO - [2025-11-25T00:24:53.431+0000] {dag.py:3954} INFO - Setting next_dagrun for mental_health_etl_final to 2025-11-25 00:00:00+00:00, run_after=2025-11-26 00:00:00+00:00
[2025-11-25T00:24:53.458+0000] {processor.py:183} INFO - Processing /opt/airflow/dags/mental_health_etl.py took 0.643 seconds
[2025-11-25T00:25:23.853+0000] {processor.py:161} INFO - Started process (PID=1536) to work on /opt/airflow/dags/mental_health_etl.py
[2025-11-25T00:25:23.854+0000] {processor.py:830} INFO - Processing file /opt/airflow/dags/mental_health_etl.py for tasks to queue
[2025-11-25T00:25:23.856+0000] {logging_mixin.py:188} INFO - [2025-11-25T00:25:23.856+0000] {dagbag.py:545} INFO - Filling up the DagBag from /opt/airflow/dags/mental_health_etl.py
[2025-11-25T00:25:24.460+0000] {processor.py:840} INFO - DAG(s) 'mental_health_etl_final' retrieved from /opt/airflow/dags/mental_health_etl.py
[2025-11-25T00:25:24.487+0000] {logging_mixin.py:188} INFO - [2025-11-25T00:25:24.487+0000] {dag.py:3096} INFO - Sync 1 DAGs
[2025-11-25T00:25:24.514+0000] {logging_mixin.py:188} INFO - [2025-11-25T00:25:24.514+0000] {dag.py:3954} INFO - Setting next_dagrun for mental_health_etl_final to 2025-11-25 00:00:00+00:00, run_after=2025-11-26 00:00:00+00:00
[2025-11-25T00:25:24.544+0000] {processor.py:183} INFO - Processing /opt/airflow/dags/mental_health_etl.py took 0.701 seconds
[2025-11-25T00:25:54.820+0000] {processor.py:161} INFO - Started process (PID=1542) to work on /opt/airflow/dags/mental_health_etl.py
[2025-11-25T00:25:54.822+0000] {processor.py:830} INFO - Processing file /opt/airflow/dags/mental_health_etl.py for tasks to queue
[2025-11-25T00:25:54.824+0000] {logging_mixin.py:188} INFO - [2025-11-25T00:25:54.824+0000] {dagbag.py:545} INFO - Filling up the DagBag from /opt/airflow/dags/mental_health_etl.py
[2025-11-25T00:25:55.485+0000] {processor.py:840} INFO - DAG(s) 'mental_health_etl_final' retrieved from /opt/airflow/dags/mental_health_etl.py
[2025-11-25T00:25:55.514+0000] {logging_mixin.py:188} INFO - [2025-11-25T00:25:55.513+0000] {dag.py:3096} INFO - Sync 1 DAGs
[2025-11-25T00:25:55.542+0000] {logging_mixin.py:188} INFO - [2025-11-25T00:25:55.542+0000] {dag.py:3954} INFO - Setting next_dagrun for mental_health_etl_final to 2025-11-25 00:00:00+00:00, run_after=2025-11-26 00:00:00+00:00
[2025-11-25T00:25:55.577+0000] {processor.py:183} INFO - Processing /opt/airflow/dags/mental_health_etl.py took 0.765 seconds
[2025-11-25T00:25:56.391+0000] {processor.py:161} INFO - Started process (PID=1548) to work on /opt/airflow/dags/mental_health_etl.py
[2025-11-25T00:25:56.394+0000] {processor.py:830} INFO - Processing file /opt/airflow/dags/mental_health_etl.py for tasks to queue
[2025-11-25T00:25:56.397+0000] {logging_mixin.py:188} INFO - [2025-11-25T00:25:56.396+0000] {dagbag.py:545} INFO - Filling up the DagBag from /opt/airflow/dags/mental_health_etl.py
[2025-11-25T00:25:57.127+0000] {processor.py:840} INFO - DAG(s) 'mental_health_etl_matrix' retrieved from /opt/airflow/dags/mental_health_etl.py
[2025-11-25T00:25:57.394+0000] {logging_mixin.py:188} INFO - [2025-11-25T00:25:57.393+0000] {override.py:1829} INFO - Created Permission View: can read on DAG:mental_health_etl_matrix
[2025-11-25T00:25:57.405+0000] {logging_mixin.py:188} INFO - [2025-11-25T00:25:57.405+0000] {override.py:1829} INFO - Created Permission View: can edit on DAG:mental_health_etl_matrix
[2025-11-25T00:25:57.415+0000] {logging_mixin.py:188} INFO - [2025-11-25T00:25:57.414+0000] {override.py:1829} INFO - Created Permission View: can delete on DAG:mental_health_etl_matrix
[2025-11-25T00:25:57.416+0000] {logging_mixin.py:188} INFO - [2025-11-25T00:25:57.416+0000] {dag.py:3096} INFO - Sync 1 DAGs
[2025-11-25T00:25:57.429+0000] {logging_mixin.py:188} INFO - [2025-11-25T00:25:57.428+0000] {dag.py:3118} INFO - Creating ORM DAG for mental_health_etl_matrix
[2025-11-25T00:25:57.444+0000] {logging_mixin.py:188} INFO - [2025-11-25T00:25:57.444+0000] {dag.py:3954} INFO - Setting next_dagrun for mental_health_etl_matrix to 2025-11-24 00:00:00+00:00, run_after=2025-11-25 00:00:00+00:00
[2025-11-25T00:25:57.480+0000] {processor.py:183} INFO - Processing /opt/airflow/dags/mental_health_etl.py took 1.098 seconds
[2025-11-25T00:26:27.757+0000] {processor.py:161} INFO - Started process (PID=1559) to work on /opt/airflow/dags/mental_health_etl.py
[2025-11-25T00:26:27.760+0000] {processor.py:830} INFO - Processing file /opt/airflow/dags/mental_health_etl.py for tasks to queue
[2025-11-25T00:26:27.764+0000] {logging_mixin.py:188} INFO - [2025-11-25T00:26:27.762+0000] {dagbag.py:545} INFO - Filling up the DagBag from /opt/airflow/dags/mental_health_etl.py
[2025-11-25T00:26:29.113+0000] {processor.py:840} INFO - DAG(s) 'mental_health_etl_matrix' retrieved from /opt/airflow/dags/mental_health_etl.py
[2025-11-25T00:26:29.176+0000] {logging_mixin.py:188} INFO - [2025-11-25T00:26:29.175+0000] {dag.py:3096} INFO - Sync 1 DAGs
[2025-11-25T00:26:29.232+0000] {logging_mixin.py:188} INFO - [2025-11-25T00:26:29.232+0000] {dag.py:3954} INFO - Setting next_dagrun for mental_health_etl_matrix to 2025-11-25 00:00:00+00:00, run_after=2025-11-26 00:00:00+00:00
[2025-11-25T00:26:29.289+0000] {processor.py:183} INFO - Processing /opt/airflow/dags/mental_health_etl.py took 1.570 seconds
[2025-11-25T00:26:59.613+0000] {processor.py:161} INFO - Started process (PID=1574) to work on /opt/airflow/dags/mental_health_etl.py
[2025-11-25T00:26:59.616+0000] {processor.py:830} INFO - Processing file /opt/airflow/dags/mental_health_etl.py for tasks to queue
[2025-11-25T00:26:59.619+0000] {logging_mixin.py:188} INFO - [2025-11-25T00:26:59.618+0000] {dagbag.py:545} INFO - Filling up the DagBag from /opt/airflow/dags/mental_health_etl.py
[2025-11-25T00:27:00.385+0000] {processor.py:840} INFO - DAG(s) 'mental_health_etl_matrix' retrieved from /opt/airflow/dags/mental_health_etl.py
[2025-11-25T00:27:00.411+0000] {logging_mixin.py:188} INFO - [2025-11-25T00:27:00.411+0000] {dag.py:3096} INFO - Sync 1 DAGs
[2025-11-25T00:27:00.433+0000] {logging_mixin.py:188} INFO - [2025-11-25T00:27:00.433+0000] {dag.py:3954} INFO - Setting next_dagrun for mental_health_etl_matrix to 2025-11-25 00:00:00+00:00, run_after=2025-11-26 00:00:00+00:00
[2025-11-25T00:27:00.459+0000] {processor.py:183} INFO - Processing /opt/airflow/dags/mental_health_etl.py took 0.863 seconds
[2025-11-25T00:27:30.806+0000] {processor.py:161} INFO - Started process (PID=1580) to work on /opt/airflow/dags/mental_health_etl.py
[2025-11-25T00:27:30.808+0000] {processor.py:830} INFO - Processing file /opt/airflow/dags/mental_health_etl.py for tasks to queue
[2025-11-25T00:27:30.810+0000] {logging_mixin.py:188} INFO - [2025-11-25T00:27:30.810+0000] {dagbag.py:545} INFO - Filling up the DagBag from /opt/airflow/dags/mental_health_etl.py
[2025-11-25T00:27:31.371+0000] {processor.py:840} INFO - DAG(s) 'mental_health_etl_matrix' retrieved from /opt/airflow/dags/mental_health_etl.py
[2025-11-25T00:27:31.392+0000] {logging_mixin.py:188} INFO - [2025-11-25T00:27:31.392+0000] {dag.py:3096} INFO - Sync 1 DAGs
[2025-11-25T00:27:31.414+0000] {logging_mixin.py:188} INFO - [2025-11-25T00:27:31.414+0000] {dag.py:3954} INFO - Setting next_dagrun for mental_health_etl_matrix to 2025-11-25 00:00:00+00:00, run_after=2025-11-26 00:00:00+00:00
[2025-11-25T00:27:31.441+0000] {processor.py:183} INFO - Processing /opt/airflow/dags/mental_health_etl.py took 0.643 seconds
[2025-11-25T00:28:01.753+0000] {processor.py:161} INFO - Started process (PID=1586) to work on /opt/airflow/dags/mental_health_etl.py
[2025-11-25T00:28:01.755+0000] {processor.py:830} INFO - Processing file /opt/airflow/dags/mental_health_etl.py for tasks to queue
[2025-11-25T00:28:01.757+0000] {logging_mixin.py:188} INFO - [2025-11-25T00:28:01.756+0000] {dagbag.py:545} INFO - Filling up the DagBag from /opt/airflow/dags/mental_health_etl.py
[2025-11-25T00:28:02.327+0000] {processor.py:840} INFO - DAG(s) 'mental_health_etl_matrix' retrieved from /opt/airflow/dags/mental_health_etl.py
[2025-11-25T00:28:02.356+0000] {logging_mixin.py:188} INFO - [2025-11-25T00:28:02.355+0000] {dag.py:3096} INFO - Sync 1 DAGs
[2025-11-25T00:28:02.375+0000] {logging_mixin.py:188} INFO - [2025-11-25T00:28:02.374+0000] {dag.py:3954} INFO - Setting next_dagrun for mental_health_etl_matrix to 2025-11-25 00:00:00+00:00, run_after=2025-11-26 00:00:00+00:00
[2025-11-25T00:28:02.396+0000] {processor.py:183} INFO - Processing /opt/airflow/dags/mental_health_etl.py took 0.650 seconds
[2025-11-25T00:28:32.758+0000] {processor.py:161} INFO - Started process (PID=1592) to work on /opt/airflow/dags/mental_health_etl.py
[2025-11-25T00:28:32.761+0000] {processor.py:830} INFO - Processing file /opt/airflow/dags/mental_health_etl.py for tasks to queue
[2025-11-25T00:28:32.764+0000] {logging_mixin.py:188} INFO - [2025-11-25T00:28:32.763+0000] {dagbag.py:545} INFO - Filling up the DagBag from /opt/airflow/dags/mental_health_etl.py
[2025-11-25T00:28:33.793+0000] {processor.py:840} INFO - DAG(s) 'mental_health_etl_matrix' retrieved from /opt/airflow/dags/mental_health_etl.py
[2025-11-25T00:28:33.858+0000] {logging_mixin.py:188} INFO - [2025-11-25T00:28:33.857+0000] {dag.py:3096} INFO - Sync 1 DAGs
[2025-11-25T00:28:33.893+0000] {logging_mixin.py:188} INFO - [2025-11-25T00:28:33.893+0000] {dag.py:3954} INFO - Setting next_dagrun for mental_health_etl_matrix to 2025-11-25 00:00:00+00:00, run_after=2025-11-26 00:00:00+00:00
[2025-11-25T00:28:33.933+0000] {processor.py:183} INFO - Processing /opt/airflow/dags/mental_health_etl.py took 1.189 seconds
[2025-11-25T00:29:04.249+0000] {processor.py:161} INFO - Started process (PID=1598) to work on /opt/airflow/dags/mental_health_etl.py
[2025-11-25T00:29:04.251+0000] {processor.py:830} INFO - Processing file /opt/airflow/dags/mental_health_etl.py for tasks to queue
[2025-11-25T00:29:04.252+0000] {logging_mixin.py:188} INFO - [2025-11-25T00:29:04.252+0000] {dagbag.py:545} INFO - Filling up the DagBag from /opt/airflow/dags/mental_health_etl.py
[2025-11-25T00:29:04.975+0000] {processor.py:840} INFO - DAG(s) 'mental_health_etl_matrix' retrieved from /opt/airflow/dags/mental_health_etl.py
[2025-11-25T00:29:05.011+0000] {logging_mixin.py:188} INFO - [2025-11-25T00:29:05.011+0000] {dag.py:3096} INFO - Sync 1 DAGs
[2025-11-25T00:29:05.033+0000] {logging_mixin.py:188} INFO - [2025-11-25T00:29:05.033+0000] {dag.py:3954} INFO - Setting next_dagrun for mental_health_etl_matrix to 2025-11-25 00:00:00+00:00, run_after=2025-11-26 00:00:00+00:00
[2025-11-25T00:29:05.061+0000] {processor.py:183} INFO - Processing /opt/airflow/dags/mental_health_etl.py took 0.819 seconds
[2025-11-25T00:29:35.320+0000] {processor.py:161} INFO - Started process (PID=1604) to work on /opt/airflow/dags/mental_health_etl.py
[2025-11-25T00:29:35.322+0000] {processor.py:830} INFO - Processing file /opt/airflow/dags/mental_health_etl.py for tasks to queue
[2025-11-25T00:29:35.324+0000] {logging_mixin.py:188} INFO - [2025-11-25T00:29:35.323+0000] {dagbag.py:545} INFO - Filling up the DagBag from /opt/airflow/dags/mental_health_etl.py
[2025-11-25T00:29:35.875+0000] {processor.py:840} INFO - DAG(s) 'mental_health_etl_matrix' retrieved from /opt/airflow/dags/mental_health_etl.py
[2025-11-25T00:29:35.898+0000] {logging_mixin.py:188} INFO - [2025-11-25T00:29:35.898+0000] {dag.py:3096} INFO - Sync 1 DAGs
[2025-11-25T00:29:35.920+0000] {logging_mixin.py:188} INFO - [2025-11-25T00:29:35.920+0000] {dag.py:3954} INFO - Setting next_dagrun for mental_health_etl_matrix to 2025-11-25 00:00:00+00:00, run_after=2025-11-26 00:00:00+00:00
[2025-11-25T00:29:35.940+0000] {processor.py:183} INFO - Processing /opt/airflow/dags/mental_health_etl.py took 0.630 seconds
[2025-11-25T00:30:06.375+0000] {processor.py:161} INFO - Started process (PID=1610) to work on /opt/airflow/dags/mental_health_etl.py
[2025-11-25T00:30:06.377+0000] {processor.py:830} INFO - Processing file /opt/airflow/dags/mental_health_etl.py for tasks to queue
[2025-11-25T00:30:06.380+0000] {logging_mixin.py:188} INFO - [2025-11-25T00:30:06.379+0000] {dagbag.py:545} INFO - Filling up the DagBag from /opt/airflow/dags/mental_health_etl.py
[2025-11-25T00:30:08.122+0000] {processor.py:840} INFO - DAG(s) 'mental_health_etl_matrix' retrieved from /opt/airflow/dags/mental_health_etl.py
[2025-11-25T00:30:08.201+0000] {logging_mixin.py:188} INFO - [2025-11-25T00:30:08.201+0000] {dag.py:3096} INFO - Sync 1 DAGs
[2025-11-25T00:30:08.238+0000] {logging_mixin.py:188} INFO - [2025-11-25T00:30:08.238+0000] {dag.py:3954} INFO - Setting next_dagrun for mental_health_etl_matrix to 2025-11-25 00:00:00+00:00, run_after=2025-11-26 00:00:00+00:00
[2025-11-25T00:30:08.271+0000] {processor.py:183} INFO - Processing /opt/airflow/dags/mental_health_etl.py took 1.914 seconds
[2025-11-25T00:30:38.713+0000] {processor.py:161} INFO - Started process (PID=1616) to work on /opt/airflow/dags/mental_health_etl.py
[2025-11-25T00:30:38.719+0000] {processor.py:830} INFO - Processing file /opt/airflow/dags/mental_health_etl.py for tasks to queue
[2025-11-25T00:30:38.723+0000] {logging_mixin.py:188} INFO - [2025-11-25T00:30:38.721+0000] {dagbag.py:545} INFO - Filling up the DagBag from /opt/airflow/dags/mental_health_etl.py
[2025-11-25T00:30:40.013+0000] {processor.py:840} INFO - DAG(s) 'mental_health_etl_matrix' retrieved from /opt/airflow/dags/mental_health_etl.py
[2025-11-25T00:30:40.057+0000] {logging_mixin.py:188} INFO - [2025-11-25T00:30:40.056+0000] {dag.py:3096} INFO - Sync 1 DAGs
[2025-11-25T00:30:40.080+0000] {logging_mixin.py:188} INFO - [2025-11-25T00:30:40.079+0000] {dag.py:3954} INFO - Setting next_dagrun for mental_health_etl_matrix to 2025-11-25 00:00:00+00:00, run_after=2025-11-26 00:00:00+00:00
[2025-11-25T00:30:40.100+0000] {processor.py:183} INFO - Processing /opt/airflow/dags/mental_health_etl.py took 1.415 seconds
[2025-11-25T00:31:10.439+0000] {processor.py:161} INFO - Started process (PID=1622) to work on /opt/airflow/dags/mental_health_etl.py
[2025-11-25T00:31:10.441+0000] {processor.py:830} INFO - Processing file /opt/airflow/dags/mental_health_etl.py for tasks to queue
[2025-11-25T00:31:10.444+0000] {logging_mixin.py:188} INFO - [2025-11-25T00:31:10.443+0000] {dagbag.py:545} INFO - Filling up the DagBag from /opt/airflow/dags/mental_health_etl.py
[2025-11-25T00:31:11.030+0000] {processor.py:840} INFO - DAG(s) 'mental_health_etl_matrix' retrieved from /opt/airflow/dags/mental_health_etl.py
[2025-11-25T00:31:11.058+0000] {logging_mixin.py:188} INFO - [2025-11-25T00:31:11.058+0000] {dag.py:3096} INFO - Sync 1 DAGs
[2025-11-25T00:31:11.080+0000] {logging_mixin.py:188} INFO - [2025-11-25T00:31:11.080+0000] {dag.py:3954} INFO - Setting next_dagrun for mental_health_etl_matrix to 2025-11-25 00:00:00+00:00, run_after=2025-11-26 00:00:00+00:00
[2025-11-25T00:31:11.105+0000] {processor.py:183} INFO - Processing /opt/airflow/dags/mental_health_etl.py took 0.674 seconds
[2025-11-25T00:31:41.409+0000] {processor.py:161} INFO - Started process (PID=1628) to work on /opt/airflow/dags/mental_health_etl.py
[2025-11-25T00:31:41.410+0000] {processor.py:830} INFO - Processing file /opt/airflow/dags/mental_health_etl.py for tasks to queue
[2025-11-25T00:31:41.411+0000] {logging_mixin.py:188} INFO - [2025-11-25T00:31:41.411+0000] {dagbag.py:545} INFO - Filling up the DagBag from /opt/airflow/dags/mental_health_etl.py
[2025-11-25T00:31:42.012+0000] {processor.py:840} INFO - DAG(s) 'mental_health_etl_matrix' retrieved from /opt/airflow/dags/mental_health_etl.py
[2025-11-25T00:31:42.051+0000] {logging_mixin.py:188} INFO - [2025-11-25T00:31:42.050+0000] {dag.py:3096} INFO - Sync 1 DAGs
[2025-11-25T00:31:42.078+0000] {logging_mixin.py:188} INFO - [2025-11-25T00:31:42.078+0000] {dag.py:3954} INFO - Setting next_dagrun for mental_health_etl_matrix to 2025-11-25 00:00:00+00:00, run_after=2025-11-26 00:00:00+00:00
[2025-11-25T00:31:42.122+0000] {processor.py:183} INFO - Processing /opt/airflow/dags/mental_health_etl.py took 0.720 seconds
[2025-11-25T00:32:12.586+0000] {processor.py:161} INFO - Started process (PID=1634) to work on /opt/airflow/dags/mental_health_etl.py
[2025-11-25T00:32:12.594+0000] {processor.py:830} INFO - Processing file /opt/airflow/dags/mental_health_etl.py for tasks to queue
[2025-11-25T00:32:12.597+0000] {logging_mixin.py:188} INFO - [2025-11-25T00:32:12.596+0000] {dagbag.py:545} INFO - Filling up the DagBag from /opt/airflow/dags/mental_health_etl.py
[2025-11-25T00:32:13.743+0000] {processor.py:840} INFO - DAG(s) 'mental_health_etl_matrix' retrieved from /opt/airflow/dags/mental_health_etl.py
[2025-11-25T00:32:13.780+0000] {logging_mixin.py:188} INFO - [2025-11-25T00:32:13.780+0000] {dag.py:3096} INFO - Sync 1 DAGs
[2025-11-25T00:32:13.805+0000] {logging_mixin.py:188} INFO - [2025-11-25T00:32:13.804+0000] {dag.py:3954} INFO - Setting next_dagrun for mental_health_etl_matrix to 2025-11-25 00:00:00+00:00, run_after=2025-11-26 00:00:00+00:00
[2025-11-25T00:32:13.826+0000] {processor.py:183} INFO - Processing /opt/airflow/dags/mental_health_etl.py took 1.256 seconds
[2025-11-25T00:32:44.008+0000] {processor.py:161} INFO - Started process (PID=1640) to work on /opt/airflow/dags/mental_health_etl.py
[2025-11-25T00:32:44.012+0000] {processor.py:830} INFO - Processing file /opt/airflow/dags/mental_health_etl.py for tasks to queue
[2025-11-25T00:32:44.014+0000] {logging_mixin.py:188} INFO - [2025-11-25T00:32:44.013+0000] {dagbag.py:545} INFO - Filling up the DagBag from /opt/airflow/dags/mental_health_etl.py
[2025-11-25T00:32:44.659+0000] {processor.py:840} INFO - DAG(s) 'mental_health_etl_matrix' retrieved from /opt/airflow/dags/mental_health_etl.py
[2025-11-25T00:32:44.688+0000] {logging_mixin.py:188} INFO - [2025-11-25T00:32:44.688+0000] {dag.py:3096} INFO - Sync 1 DAGs
[2025-11-25T00:32:44.710+0000] {logging_mixin.py:188} INFO - [2025-11-25T00:32:44.709+0000] {dag.py:3954} INFO - Setting next_dagrun for mental_health_etl_matrix to 2025-11-25 00:00:00+00:00, run_after=2025-11-26 00:00:00+00:00
[2025-11-25T00:32:44.733+0000] {processor.py:183} INFO - Processing /opt/airflow/dags/mental_health_etl.py took 0.737 seconds
[2025-11-25T00:33:15.108+0000] {processor.py:161} INFO - Started process (PID=1646) to work on /opt/airflow/dags/mental_health_etl.py
[2025-11-25T00:33:15.112+0000] {processor.py:830} INFO - Processing file /opt/airflow/dags/mental_health_etl.py for tasks to queue
[2025-11-25T00:33:15.115+0000] {logging_mixin.py:188} INFO - [2025-11-25T00:33:15.114+0000] {dagbag.py:545} INFO - Filling up the DagBag from /opt/airflow/dags/mental_health_etl.py
[2025-11-25T00:33:15.864+0000] {processor.py:840} INFO - DAG(s) 'mental_health_etl_matrix' retrieved from /opt/airflow/dags/mental_health_etl.py
[2025-11-25T00:33:15.897+0000] {logging_mixin.py:188} INFO - [2025-11-25T00:33:15.896+0000] {dag.py:3096} INFO - Sync 1 DAGs
[2025-11-25T00:33:15.923+0000] {logging_mixin.py:188} INFO - [2025-11-25T00:33:15.923+0000] {dag.py:3954} INFO - Setting next_dagrun for mental_health_etl_matrix to 2025-11-25 00:00:00+00:00, run_after=2025-11-26 00:00:00+00:00
[2025-11-25T00:33:15.960+0000] {processor.py:183} INFO - Processing /opt/airflow/dags/mental_health_etl.py took 0.866 seconds
[2025-11-25T00:33:46.638+0000] {processor.py:161} INFO - Started process (PID=1652) to work on /opt/airflow/dags/mental_health_etl.py
[2025-11-25T00:33:46.646+0000] {processor.py:830} INFO - Processing file /opt/airflow/dags/mental_health_etl.py for tasks to queue
[2025-11-25T00:33:46.657+0000] {logging_mixin.py:188} INFO - [2025-11-25T00:33:46.652+0000] {dagbag.py:545} INFO - Filling up the DagBag from /opt/airflow/dags/mental_health_etl.py
[2025-11-25T00:33:48.909+0000] {processor.py:840} INFO - DAG(s) 'mental_health_etl_matrix' retrieved from /opt/airflow/dags/mental_health_etl.py
[2025-11-25T00:33:48.968+0000] {logging_mixin.py:188} INFO - [2025-11-25T00:33:48.967+0000] {dag.py:3096} INFO - Sync 1 DAGs
[2025-11-25T00:33:49.000+0000] {logging_mixin.py:188} INFO - [2025-11-25T00:33:48.999+0000] {dag.py:3954} INFO - Setting next_dagrun for mental_health_etl_matrix to 2025-11-25 00:00:00+00:00, run_after=2025-11-26 00:00:00+00:00
[2025-11-25T00:33:49.030+0000] {processor.py:183} INFO - Processing /opt/airflow/dags/mental_health_etl.py took 2.447 seconds
[2025-11-25T00:34:19.576+0000] {processor.py:161} INFO - Started process (PID=1658) to work on /opt/airflow/dags/mental_health_etl.py
[2025-11-25T00:34:19.583+0000] {processor.py:830} INFO - Processing file /opt/airflow/dags/mental_health_etl.py for tasks to queue
[2025-11-25T00:34:19.589+0000] {logging_mixin.py:188} INFO - [2025-11-25T00:34:19.587+0000] {dagbag.py:545} INFO - Filling up the DagBag from /opt/airflow/dags/mental_health_etl.py
[2025-11-25T00:34:21.114+0000] {processor.py:840} INFO - DAG(s) 'mental_health_etl_matrix' retrieved from /opt/airflow/dags/mental_health_etl.py
[2025-11-25T00:34:21.155+0000] {logging_mixin.py:188} INFO - [2025-11-25T00:34:21.155+0000] {dag.py:3096} INFO - Sync 1 DAGs
[2025-11-25T00:34:21.181+0000] {logging_mixin.py:188} INFO - [2025-11-25T00:34:21.181+0000] {dag.py:3954} INFO - Setting next_dagrun for mental_health_etl_matrix to 2025-11-25 00:00:00+00:00, run_after=2025-11-26 00:00:00+00:00
[2025-11-25T00:34:21.207+0000] {processor.py:183} INFO - Processing /opt/airflow/dags/mental_health_etl.py took 1.663 seconds
[2025-11-25T00:34:51.590+0000] {processor.py:161} INFO - Started process (PID=1664) to work on /opt/airflow/dags/mental_health_etl.py
[2025-11-25T00:34:51.594+0000] {processor.py:830} INFO - Processing file /opt/airflow/dags/mental_health_etl.py for tasks to queue
[2025-11-25T00:34:51.599+0000] {logging_mixin.py:188} INFO - [2025-11-25T00:34:51.597+0000] {dagbag.py:545} INFO - Filling up the DagBag from /opt/airflow/dags/mental_health_etl.py
[2025-11-25T00:34:52.762+0000] {processor.py:840} INFO - DAG(s) 'mental_health_etl_matrix' retrieved from /opt/airflow/dags/mental_health_etl.py
[2025-11-25T00:34:52.795+0000] {logging_mixin.py:188} INFO - [2025-11-25T00:34:52.795+0000] {dag.py:3096} INFO - Sync 1 DAGs
[2025-11-25T00:34:52.823+0000] {logging_mixin.py:188} INFO - [2025-11-25T00:34:52.823+0000] {dag.py:3954} INFO - Setting next_dagrun for mental_health_etl_matrix to 2025-11-25 00:00:00+00:00, run_after=2025-11-26 00:00:00+00:00
[2025-11-25T00:34:52.846+0000] {processor.py:183} INFO - Processing /opt/airflow/dags/mental_health_etl.py took 1.282 seconds
[2025-11-25T00:35:23.245+0000] {processor.py:161} INFO - Started process (PID=1670) to work on /opt/airflow/dags/mental_health_etl.py
[2025-11-25T00:35:23.247+0000] {processor.py:830} INFO - Processing file /opt/airflow/dags/mental_health_etl.py for tasks to queue
[2025-11-25T00:35:23.250+0000] {logging_mixin.py:188} INFO - [2025-11-25T00:35:23.248+0000] {dagbag.py:545} INFO - Filling up the DagBag from /opt/airflow/dags/mental_health_etl.py
[2025-11-25T00:35:23.843+0000] {processor.py:840} INFO - DAG(s) 'mental_health_etl_matrix' retrieved from /opt/airflow/dags/mental_health_etl.py
[2025-11-25T00:35:23.870+0000] {logging_mixin.py:188} INFO - [2025-11-25T00:35:23.869+0000] {dag.py:3096} INFO - Sync 1 DAGs
[2025-11-25T00:35:23.899+0000] {logging_mixin.py:188} INFO - [2025-11-25T00:35:23.899+0000] {dag.py:3954} INFO - Setting next_dagrun for mental_health_etl_matrix to 2025-11-25 00:00:00+00:00, run_after=2025-11-26 00:00:00+00:00
[2025-11-25T00:35:23.929+0000] {processor.py:183} INFO - Processing /opt/airflow/dags/mental_health_etl.py took 0.694 seconds
[2025-11-25T00:35:54.194+0000] {processor.py:161} INFO - Started process (PID=1676) to work on /opt/airflow/dags/mental_health_etl.py
[2025-11-25T00:35:54.198+0000] {processor.py:830} INFO - Processing file /opt/airflow/dags/mental_health_etl.py for tasks to queue
[2025-11-25T00:35:54.202+0000] {logging_mixin.py:188} INFO - [2025-11-25T00:35:54.201+0000] {dagbag.py:545} INFO - Filling up the DagBag from /opt/airflow/dags/mental_health_etl.py
[2025-11-25T00:35:55.468+0000] {processor.py:840} INFO - DAG(s) 'mental_health_etl_matrix' retrieved from /opt/airflow/dags/mental_health_etl.py
[2025-11-25T00:35:55.511+0000] {logging_mixin.py:188} INFO - [2025-11-25T00:35:55.510+0000] {dag.py:3096} INFO - Sync 1 DAGs
[2025-11-25T00:35:55.540+0000] {logging_mixin.py:188} INFO - [2025-11-25T00:35:55.540+0000] {dag.py:3954} INFO - Setting next_dagrun for mental_health_etl_matrix to 2025-11-25 00:00:00+00:00, run_after=2025-11-26 00:00:00+00:00
[2025-11-25T00:35:55.565+0000] {processor.py:183} INFO - Processing /opt/airflow/dags/mental_health_etl.py took 1.400 seconds
[2025-11-25T00:36:25.903+0000] {processor.py:161} INFO - Started process (PID=1682) to work on /opt/airflow/dags/mental_health_etl.py
[2025-11-25T00:36:25.906+0000] {processor.py:830} INFO - Processing file /opt/airflow/dags/mental_health_etl.py for tasks to queue
[2025-11-25T00:36:25.907+0000] {logging_mixin.py:188} INFO - [2025-11-25T00:36:25.907+0000] {dagbag.py:545} INFO - Filling up the DagBag from /opt/airflow/dags/mental_health_etl.py
[2025-11-25T00:36:26.844+0000] {processor.py:840} INFO - DAG(s) 'mental_health_etl_matrix' retrieved from /opt/airflow/dags/mental_health_etl.py
[2025-11-25T00:36:26.891+0000] {logging_mixin.py:188} INFO - [2025-11-25T00:36:26.890+0000] {dag.py:3096} INFO - Sync 1 DAGs
[2025-11-25T00:36:26.933+0000] {logging_mixin.py:188} INFO - [2025-11-25T00:36:26.933+0000] {dag.py:3954} INFO - Setting next_dagrun for mental_health_etl_matrix to 2025-11-25 00:00:00+00:00, run_after=2025-11-26 00:00:00+00:00
[2025-11-25T00:36:26.972+0000] {processor.py:183} INFO - Processing /opt/airflow/dags/mental_health_etl.py took 1.083 seconds
[2025-11-25T00:36:57.328+0000] {processor.py:161} INFO - Started process (PID=1688) to work on /opt/airflow/dags/mental_health_etl.py
[2025-11-25T00:36:57.334+0000] {processor.py:830} INFO - Processing file /opt/airflow/dags/mental_health_etl.py for tasks to queue
[2025-11-25T00:36:57.340+0000] {logging_mixin.py:188} INFO - [2025-11-25T00:36:57.338+0000] {dagbag.py:545} INFO - Filling up the DagBag from /opt/airflow/dags/mental_health_etl.py
[2025-11-25T00:36:58.298+0000] {processor.py:840} INFO - DAG(s) 'mental_health_etl_matrix' retrieved from /opt/airflow/dags/mental_health_etl.py
[2025-11-25T00:36:58.322+0000] {logging_mixin.py:188} INFO - [2025-11-25T00:36:58.322+0000] {dag.py:3096} INFO - Sync 1 DAGs
[2025-11-25T00:36:58.343+0000] {logging_mixin.py:188} INFO - [2025-11-25T00:36:58.343+0000] {dag.py:3954} INFO - Setting next_dagrun for mental_health_etl_matrix to 2025-11-25 00:00:00+00:00, run_after=2025-11-26 00:00:00+00:00
[2025-11-25T00:36:58.365+0000] {processor.py:183} INFO - Processing /opt/airflow/dags/mental_health_etl.py took 1.060 seconds
[2025-11-25T00:37:28.603+0000] {processor.py:161} INFO - Started process (PID=1694) to work on /opt/airflow/dags/mental_health_etl.py
[2025-11-25T00:37:28.605+0000] {processor.py:830} INFO - Processing file /opt/airflow/dags/mental_health_etl.py for tasks to queue
[2025-11-25T00:37:28.607+0000] {logging_mixin.py:188} INFO - [2025-11-25T00:37:28.607+0000] {dagbag.py:545} INFO - Filling up the DagBag from /opt/airflow/dags/mental_health_etl.py
[2025-11-25T00:37:29.421+0000] {processor.py:840} INFO - DAG(s) 'mental_health_etl_matrix' retrieved from /opt/airflow/dags/mental_health_etl.py
[2025-11-25T00:37:29.510+0000] {logging_mixin.py:188} INFO - [2025-11-25T00:37:29.509+0000] {dag.py:3096} INFO - Sync 1 DAGs
[2025-11-25T00:37:29.559+0000] {logging_mixin.py:188} INFO - [2025-11-25T00:37:29.558+0000] {dag.py:3954} INFO - Setting next_dagrun for mental_health_etl_matrix to 2025-11-25 00:00:00+00:00, run_after=2025-11-26 00:00:00+00:00
[2025-11-25T00:37:29.595+0000] {processor.py:183} INFO - Processing /opt/airflow/dags/mental_health_etl.py took 0.998 seconds
[2025-11-25T00:37:59.923+0000] {processor.py:161} INFO - Started process (PID=1700) to work on /opt/airflow/dags/mental_health_etl.py
[2025-11-25T00:37:59.925+0000] {processor.py:830} INFO - Processing file /opt/airflow/dags/mental_health_etl.py for tasks to queue
[2025-11-25T00:37:59.927+0000] {logging_mixin.py:188} INFO - [2025-11-25T00:37:59.926+0000] {dagbag.py:545} INFO - Filling up the DagBag from /opt/airflow/dags/mental_health_etl.py
[2025-11-25T00:38:00.570+0000] {processor.py:840} INFO - DAG(s) 'mental_health_etl_matrix' retrieved from /opt/airflow/dags/mental_health_etl.py
[2025-11-25T00:38:00.602+0000] {logging_mixin.py:188} INFO - [2025-11-25T00:38:00.602+0000] {dag.py:3096} INFO - Sync 1 DAGs
[2025-11-25T00:38:00.624+0000] {logging_mixin.py:188} INFO - [2025-11-25T00:38:00.624+0000] {dag.py:3954} INFO - Setting next_dagrun for mental_health_etl_matrix to 2025-11-25 00:00:00+00:00, run_after=2025-11-26 00:00:00+00:00
[2025-11-25T00:38:00.651+0000] {processor.py:183} INFO - Processing /opt/airflow/dags/mental_health_etl.py took 0.738 seconds
[2025-11-25T00:38:31.013+0000] {processor.py:161} INFO - Started process (PID=1706) to work on /opt/airflow/dags/mental_health_etl.py
[2025-11-25T00:38:31.015+0000] {processor.py:830} INFO - Processing file /opt/airflow/dags/mental_health_etl.py for tasks to queue
[2025-11-25T00:38:31.017+0000] {logging_mixin.py:188} INFO - [2025-11-25T00:38:31.016+0000] {dagbag.py:545} INFO - Filling up the DagBag from /opt/airflow/dags/mental_health_etl.py
[2025-11-25T00:38:31.670+0000] {processor.py:840} INFO - DAG(s) 'mental_health_etl_matrix' retrieved from /opt/airflow/dags/mental_health_etl.py
[2025-11-25T00:38:31.700+0000] {logging_mixin.py:188} INFO - [2025-11-25T00:38:31.700+0000] {dag.py:3096} INFO - Sync 1 DAGs
[2025-11-25T00:38:31.724+0000] {logging_mixin.py:188} INFO - [2025-11-25T00:38:31.723+0000] {dag.py:3954} INFO - Setting next_dagrun for mental_health_etl_matrix to 2025-11-25 00:00:00+00:00, run_after=2025-11-26 00:00:00+00:00
[2025-11-25T00:38:31.748+0000] {processor.py:183} INFO - Processing /opt/airflow/dags/mental_health_etl.py took 0.741 seconds
[2025-11-25T00:39:02.100+0000] {processor.py:161} INFO - Started process (PID=1712) to work on /opt/airflow/dags/mental_health_etl.py
[2025-11-25T00:39:02.104+0000] {processor.py:830} INFO - Processing file /opt/airflow/dags/mental_health_etl.py for tasks to queue
[2025-11-25T00:39:02.106+0000] {logging_mixin.py:188} INFO - [2025-11-25T00:39:02.105+0000] {dagbag.py:545} INFO - Filling up the DagBag from /opt/airflow/dags/mental_health_etl.py
[2025-11-25T00:39:02.714+0000] {processor.py:840} INFO - DAG(s) 'mental_health_etl_matrix' retrieved from /opt/airflow/dags/mental_health_etl.py
[2025-11-25T00:39:02.744+0000] {logging_mixin.py:188} INFO - [2025-11-25T00:39:02.744+0000] {dag.py:3096} INFO - Sync 1 DAGs
[2025-11-25T00:39:02.766+0000] {logging_mixin.py:188} INFO - [2025-11-25T00:39:02.766+0000] {dag.py:3954} INFO - Setting next_dagrun for mental_health_etl_matrix to 2025-11-25 00:00:00+00:00, run_after=2025-11-26 00:00:00+00:00
[2025-11-25T00:39:02.791+0000] {processor.py:183} INFO - Processing /opt/airflow/dags/mental_health_etl.py took 0.702 seconds
[2025-11-25T00:39:33.176+0000] {processor.py:161} INFO - Started process (PID=1718) to work on /opt/airflow/dags/mental_health_etl.py
[2025-11-25T00:39:33.178+0000] {processor.py:830} INFO - Processing file /opt/airflow/dags/mental_health_etl.py for tasks to queue
[2025-11-25T00:39:33.180+0000] {logging_mixin.py:188} INFO - [2025-11-25T00:39:33.180+0000] {dagbag.py:545} INFO - Filling up the DagBag from /opt/airflow/dags/mental_health_etl.py
[2025-11-25T00:39:33.798+0000] {processor.py:840} INFO - DAG(s) 'mental_health_etl_matrix' retrieved from /opt/airflow/dags/mental_health_etl.py
[2025-11-25T00:39:33.828+0000] {logging_mixin.py:188} INFO - [2025-11-25T00:39:33.828+0000] {dag.py:3096} INFO - Sync 1 DAGs
[2025-11-25T00:39:33.852+0000] {logging_mixin.py:188} INFO - [2025-11-25T00:39:33.852+0000] {dag.py:3954} INFO - Setting next_dagrun for mental_health_etl_matrix to 2025-11-25 00:00:00+00:00, run_after=2025-11-26 00:00:00+00:00
[2025-11-25T00:39:33.874+0000] {processor.py:183} INFO - Processing /opt/airflow/dags/mental_health_etl.py took 0.708 seconds
[2025-11-25T00:40:03.984+0000] {processor.py:161} INFO - Started process (PID=1724) to work on /opt/airflow/dags/mental_health_etl.py
[2025-11-25T00:40:03.985+0000] {processor.py:830} INFO - Processing file /opt/airflow/dags/mental_health_etl.py for tasks to queue
[2025-11-25T00:40:03.987+0000] {logging_mixin.py:188} INFO - [2025-11-25T00:40:03.986+0000] {dagbag.py:545} INFO - Filling up the DagBag from /opt/airflow/dags/mental_health_etl.py
[2025-11-25T00:40:04.581+0000] {processor.py:840} INFO - DAG(s) 'mental_health_etl_matrix' retrieved from /opt/airflow/dags/mental_health_etl.py
[2025-11-25T00:40:04.611+0000] {logging_mixin.py:188} INFO - [2025-11-25T00:40:04.610+0000] {dag.py:3096} INFO - Sync 1 DAGs
[2025-11-25T00:40:04.635+0000] {logging_mixin.py:188} INFO - [2025-11-25T00:40:04.635+0000] {dag.py:3954} INFO - Setting next_dagrun for mental_health_etl_matrix to 2025-11-25 00:00:00+00:00, run_after=2025-11-26 00:00:00+00:00
[2025-11-25T00:40:04.673+0000] {processor.py:183} INFO - Processing /opt/airflow/dags/mental_health_etl.py took 0.697 seconds
[2025-11-25T00:40:35.093+0000] {processor.py:161} INFO - Started process (PID=1730) to work on /opt/airflow/dags/mental_health_etl.py
[2025-11-25T00:40:35.096+0000] {processor.py:830} INFO - Processing file /opt/airflow/dags/mental_health_etl.py for tasks to queue
[2025-11-25T00:40:35.100+0000] {logging_mixin.py:188} INFO - [2025-11-25T00:40:35.098+0000] {dagbag.py:545} INFO - Filling up the DagBag from /opt/airflow/dags/mental_health_etl.py
[2025-11-25T00:40:36.180+0000] {processor.py:840} INFO - DAG(s) 'mental_health_etl_matrix' retrieved from /opt/airflow/dags/mental_health_etl.py
[2025-11-25T00:40:36.215+0000] {logging_mixin.py:188} INFO - [2025-11-25T00:40:36.214+0000] {dag.py:3096} INFO - Sync 1 DAGs
[2025-11-25T00:40:36.239+0000] {logging_mixin.py:188} INFO - [2025-11-25T00:40:36.239+0000] {dag.py:3954} INFO - Setting next_dagrun for mental_health_etl_matrix to 2025-11-25 00:00:00+00:00, run_after=2025-11-26 00:00:00+00:00
[2025-11-25T00:40:36.267+0000] {processor.py:183} INFO - Processing /opt/airflow/dags/mental_health_etl.py took 1.212 seconds
[2025-11-25T00:41:06.364+0000] {processor.py:161} INFO - Started process (PID=1736) to work on /opt/airflow/dags/mental_health_etl.py
[2025-11-25T00:41:06.366+0000] {processor.py:830} INFO - Processing file /opt/airflow/dags/mental_health_etl.py for tasks to queue
[2025-11-25T00:41:06.368+0000] {logging_mixin.py:188} INFO - [2025-11-25T00:41:06.367+0000] {dagbag.py:545} INFO - Filling up the DagBag from /opt/airflow/dags/mental_health_etl.py
[2025-11-25T00:41:06.991+0000] {processor.py:840} INFO - DAG(s) 'mental_health_etl_matrix' retrieved from /opt/airflow/dags/mental_health_etl.py
[2025-11-25T00:41:07.019+0000] {logging_mixin.py:188} INFO - [2025-11-25T00:41:07.019+0000] {dag.py:3096} INFO - Sync 1 DAGs
[2025-11-25T00:41:07.042+0000] {logging_mixin.py:188} INFO - [2025-11-25T00:41:07.041+0000] {dag.py:3954} INFO - Setting next_dagrun for mental_health_etl_matrix to 2025-11-25 00:00:00+00:00, run_after=2025-11-26 00:00:00+00:00
[2025-11-25T00:41:07.067+0000] {processor.py:183} INFO - Processing /opt/airflow/dags/mental_health_etl.py took 0.716 seconds
[2025-11-25T00:41:37.513+0000] {processor.py:161} INFO - Started process (PID=1742) to work on /opt/airflow/dags/mental_health_etl.py
[2025-11-25T00:41:37.517+0000] {processor.py:830} INFO - Processing file /opt/airflow/dags/mental_health_etl.py for tasks to queue
[2025-11-25T00:41:37.520+0000] {logging_mixin.py:188} INFO - [2025-11-25T00:41:37.518+0000] {dagbag.py:545} INFO - Filling up the DagBag from /opt/airflow/dags/mental_health_etl.py
[2025-11-25T00:41:39.402+0000] {processor.py:840} INFO - DAG(s) 'mental_health_etl_matrix' retrieved from /opt/airflow/dags/mental_health_etl.py
[2025-11-25T00:41:39.437+0000] {logging_mixin.py:188} INFO - [2025-11-25T00:41:39.437+0000] {dag.py:3096} INFO - Sync 1 DAGs
[2025-11-25T00:41:39.461+0000] {logging_mixin.py:188} INFO - [2025-11-25T00:41:39.461+0000] {dag.py:3954} INFO - Setting next_dagrun for mental_health_etl_matrix to 2025-11-25 00:00:00+00:00, run_after=2025-11-26 00:00:00+00:00
[2025-11-25T00:41:39.487+0000] {processor.py:183} INFO - Processing /opt/airflow/dags/mental_health_etl.py took 2.000 seconds
[2025-11-25T00:42:09.835+0000] {processor.py:161} INFO - Started process (PID=1748) to work on /opt/airflow/dags/mental_health_etl.py
[2025-11-25T00:42:09.838+0000] {processor.py:830} INFO - Processing file /opt/airflow/dags/mental_health_etl.py for tasks to queue
[2025-11-25T00:42:09.840+0000] {logging_mixin.py:188} INFO - [2025-11-25T00:42:09.839+0000] {dagbag.py:545} INFO - Filling up the DagBag from /opt/airflow/dags/mental_health_etl.py
[2025-11-25T00:42:10.651+0000] {processor.py:840} INFO - DAG(s) 'mental_health_etl_matrix' retrieved from /opt/airflow/dags/mental_health_etl.py
[2025-11-25T00:42:10.714+0000] {logging_mixin.py:188} INFO - [2025-11-25T00:42:10.713+0000] {dag.py:3096} INFO - Sync 1 DAGs
[2025-11-25T00:42:10.750+0000] {logging_mixin.py:188} INFO - [2025-11-25T00:42:10.750+0000] {dag.py:3954} INFO - Setting next_dagrun for mental_health_etl_matrix to 2025-11-25 00:00:00+00:00, run_after=2025-11-26 00:00:00+00:00
[2025-11-25T00:42:10.783+0000] {processor.py:183} INFO - Processing /opt/airflow/dags/mental_health_etl.py took 0.968 seconds
[2025-11-25T00:42:41.219+0000] {processor.py:161} INFO - Started process (PID=1754) to work on /opt/airflow/dags/mental_health_etl.py
[2025-11-25T00:42:41.225+0000] {processor.py:830} INFO - Processing file /opt/airflow/dags/mental_health_etl.py for tasks to queue
[2025-11-25T00:42:41.229+0000] {logging_mixin.py:188} INFO - [2025-11-25T00:42:41.227+0000] {dagbag.py:545} INFO - Filling up the DagBag from /opt/airflow/dags/mental_health_etl.py
[2025-11-25T00:42:42.259+0000] {processor.py:840} INFO - DAG(s) 'mental_health_etl_matrix' retrieved from /opt/airflow/dags/mental_health_etl.py
[2025-11-25T00:42:42.306+0000] {logging_mixin.py:188} INFO - [2025-11-25T00:42:42.306+0000] {dag.py:3096} INFO - Sync 1 DAGs
[2025-11-25T00:42:42.341+0000] {logging_mixin.py:188} INFO - [2025-11-25T00:42:42.341+0000] {dag.py:3954} INFO - Setting next_dagrun for mental_health_etl_matrix to 2025-11-25 00:00:00+00:00, run_after=2025-11-26 00:00:00+00:00
[2025-11-25T00:42:42.369+0000] {processor.py:183} INFO - Processing /opt/airflow/dags/mental_health_etl.py took 1.173 seconds
[2025-11-25T00:43:12.561+0000] {processor.py:161} INFO - Started process (PID=1760) to work on /opt/airflow/dags/mental_health_etl.py
[2025-11-25T00:43:12.563+0000] {processor.py:830} INFO - Processing file /opt/airflow/dags/mental_health_etl.py for tasks to queue
[2025-11-25T00:43:12.566+0000] {logging_mixin.py:188} INFO - [2025-11-25T00:43:12.565+0000] {dagbag.py:545} INFO - Filling up the DagBag from /opt/airflow/dags/mental_health_etl.py
[2025-11-25T00:43:13.190+0000] {processor.py:840} INFO - DAG(s) 'mental_health_etl_matrix' retrieved from /opt/airflow/dags/mental_health_etl.py
[2025-11-25T00:43:13.212+0000] {logging_mixin.py:188} INFO - [2025-11-25T00:43:13.212+0000] {dag.py:3096} INFO - Sync 1 DAGs
[2025-11-25T00:43:13.232+0000] {logging_mixin.py:188} INFO - [2025-11-25T00:43:13.232+0000] {dag.py:3954} INFO - Setting next_dagrun for mental_health_etl_matrix to 2025-11-25 00:00:00+00:00, run_after=2025-11-26 00:00:00+00:00
[2025-11-25T00:43:13.256+0000] {processor.py:183} INFO - Processing /opt/airflow/dags/mental_health_etl.py took 0.707 seconds
[2025-11-25T00:43:43.652+0000] {processor.py:161} INFO - Started process (PID=1766) to work on /opt/airflow/dags/mental_health_etl.py
[2025-11-25T00:43:43.655+0000] {processor.py:830} INFO - Processing file /opt/airflow/dags/mental_health_etl.py for tasks to queue
[2025-11-25T00:43:43.657+0000] {logging_mixin.py:188} INFO - [2025-11-25T00:43:43.656+0000] {dagbag.py:545} INFO - Filling up the DagBag from /opt/airflow/dags/mental_health_etl.py
[2025-11-25T00:43:44.618+0000] {processor.py:840} INFO - DAG(s) 'mental_health_etl_matrix' retrieved from /opt/airflow/dags/mental_health_etl.py
[2025-11-25T00:43:44.659+0000] {logging_mixin.py:188} INFO - [2025-11-25T00:43:44.658+0000] {dag.py:3096} INFO - Sync 1 DAGs
[2025-11-25T00:43:44.689+0000] {logging_mixin.py:188} INFO - [2025-11-25T00:43:44.689+0000] {dag.py:3954} INFO - Setting next_dagrun for mental_health_etl_matrix to 2025-11-25 00:00:00+00:00, run_after=2025-11-26 00:00:00+00:00
[2025-11-25T00:43:44.717+0000] {processor.py:183} INFO - Processing /opt/airflow/dags/mental_health_etl.py took 1.073 seconds
