[2025-11-24T23:05:15.100+0000] {local_task_job_runner.py:120} INFO - ::group::Pre task execution logs
[2025-11-24T23:05:15.169+0000] {taskinstance.py:2076} INFO - Dependencies all met for dep_context=non-requeueable deps ti=<TaskInstance: mental_health_etl_pro.extract_task manual__2025-11-24T23:05:11.384579+00:00 [queued]>
[2025-11-24T23:05:15.189+0000] {taskinstance.py:2076} INFO - Dependencies all met for dep_context=requeueable deps ti=<TaskInstance: mental_health_etl_pro.extract_task manual__2025-11-24T23:05:11.384579+00:00 [queued]>
[2025-11-24T23:05:15.191+0000] {taskinstance.py:2306} INFO - Starting attempt 1 of 3
[2025-11-24T23:05:15.222+0000] {taskinstance.py:2330} INFO - Executing <Task(PythonOperator): extract_task> on 2025-11-24 23:05:11.384579+00:00
[2025-11-24T23:05:15.245+0000] {logging_mixin.py:188} WARNING - /home/***/.local/lib/python3.12/site-packages/***/task/task_runner/standard_task_runner.py:61 DeprecationWarning: This process (pid=550) is multi-threaded, use of fork() may lead to deadlocks in the child.
[2025-11-24T23:05:15.242+0000] {standard_task_runner.py:90} INFO - Running: ['***', 'tasks', 'run', 'mental_health_etl_pro', 'extract_task', 'manual__2025-11-24T23:05:11.384579+00:00', '--job-id', '11', '--raw', '--subdir', 'DAGS_FOLDER/mental_health_etl.py', '--cfg-path', '/tmp/tmplen_l36p']
[2025-11-24T23:05:15.251+0000] {standard_task_runner.py:63} INFO - Started process 552 to run task
[2025-11-24T23:05:15.252+0000] {standard_task_runner.py:91} INFO - Job 11: Subtask extract_task
[2025-11-24T23:05:15.287+0000] {logging_mixin.py:188} WARNING - /home/***/.local/lib/python3.12/site-packages/***/settings.py:195 DeprecationWarning: The sql_alchemy_conn option in [core] has been moved to the sql_alchemy_conn option in [database] - the old setting has been used, but please update your config.
[2025-11-24T23:05:15.347+0000] {task_command.py:426} INFO - Running <TaskInstance: mental_health_etl_pro.extract_task manual__2025-11-24T23:05:11.384579+00:00 [running]> on host 5487bfeafc15
[2025-11-24T23:05:15.464+0000] {taskinstance.py:2648} INFO - Exporting env vars: AIRFLOW_CTX_DAG_OWNER='data_team' AIRFLOW_CTX_DAG_ID='mental_health_etl_pro' AIRFLOW_CTX_TASK_ID='extract_task' AIRFLOW_CTX_EXECUTION_DATE='2025-11-24T23:05:11.384579+00:00' AIRFLOW_CTX_TRY_NUMBER='1' AIRFLOW_CTX_DAG_RUN_ID='manual__2025-11-24T23:05:11.384579+00:00'
[2025-11-24T23:05:15.466+0000] {taskinstance.py:430} INFO - ::endgroup::
[2025-11-24T23:05:16.106+0000] {mental_health_etl.py:19} INFO - 🔄 Generando datos de salud mental con demografía enriquecida...
[2025-11-24T23:05:16.551+0000] {mental_health_etl.py:82} INFO - ✅ Datos extraídos: 8000 registros en /tmp/***_data_mental/raw_mental_health.csv
[2025-11-24T23:05:16.553+0000] {python.py:237} INFO - Done. Returned value was: /tmp/***_data_mental/raw_mental_health.csv
[2025-11-24T23:05:16.554+0000] {taskinstance.py:441} INFO - ::group::Post task execution logs
[2025-11-24T23:05:16.631+0000] {taskinstance.py:1206} INFO - Marking task as SUCCESS. dag_id=mental_health_etl_pro, task_id=extract_task, run_id=manual__2025-11-24T23:05:11.384579+00:00, execution_date=20251124T230511, start_date=20251124T230515, end_date=20251124T230516
[2025-11-24T23:05:16.674+0000] {local_task_job_runner.py:240} INFO - Task exited with return code 0
[2025-11-24T23:05:16.708+0000] {taskinstance.py:3498} INFO - 1 downstream tasks scheduled from follow-on schedule check
[2025-11-24T23:05:16.713+0000] {local_task_job_runner.py:222} INFO - ::endgroup::
