[2025-11-24T22:39:44.534+0000] {local_task_job_runner.py:120} INFO - ::group::Pre task execution logs
[2025-11-24T22:39:44.572+0000] {taskinstance.py:2076} INFO - Dependencies all met for dep_context=non-requeueable deps ti=<TaskInstance: mental_health_etl.transform_task scheduled__2025-11-23T00:00:00+00:00 [queued]>
[2025-11-24T22:39:44.584+0000] {taskinstance.py:2076} INFO - Dependencies all met for dep_context=requeueable deps ti=<TaskInstance: mental_health_etl.transform_task scheduled__2025-11-23T00:00:00+00:00 [queued]>
[2025-11-24T22:39:44.586+0000] {taskinstance.py:2306} INFO - Starting attempt 1 of 2
[2025-11-24T22:39:44.612+0000] {taskinstance.py:2330} INFO - Executing <Task(PythonOperator): transform_task> on 2025-11-23 00:00:00+00:00
[2025-11-24T22:39:44.631+0000] {logging_mixin.py:188} WARNING - /home/***/.local/lib/python3.12/site-packages/***/task/task_runner/standard_task_runner.py:61 DeprecationWarning: This process (pid=211) is multi-threaded, use of fork() may lead to deadlocks in the child.
[2025-11-24T22:39:44.634+0000] {standard_task_runner.py:63} INFO - Started process 213 to run task
[2025-11-24T22:39:44.631+0000] {standard_task_runner.py:90} INFO - Running: ['***', 'tasks', 'run', 'mental_health_etl', 'transform_task', 'scheduled__2025-11-23T00:00:00+00:00', '--job-id', '3', '--raw', '--subdir', 'DAGS_FOLDER/mental_health_etl.py', '--cfg-path', '/tmp/tmpv5vyc6i4']
[2025-11-24T22:39:44.635+0000] {standard_task_runner.py:91} INFO - Job 3: Subtask transform_task
[2025-11-24T22:39:44.658+0000] {logging_mixin.py:188} WARNING - /home/***/.local/lib/python3.12/site-packages/***/settings.py:195 DeprecationWarning: The sql_alchemy_conn option in [core] has been moved to the sql_alchemy_conn option in [database] - the old setting has been used, but please update your config.
[2025-11-24T22:39:44.717+0000] {task_command.py:426} INFO - Running <TaskInstance: mental_health_etl.transform_task scheduled__2025-11-23T00:00:00+00:00 [running]> on host 5487bfeafc15
[2025-11-24T22:39:44.838+0000] {taskinstance.py:2648} INFO - Exporting env vars: AIRFLOW_CTX_DAG_OWNER='student' AIRFLOW_CTX_DAG_ID='mental_health_etl' AIRFLOW_CTX_TASK_ID='transform_task' AIRFLOW_CTX_EXECUTION_DATE='2025-11-23T00:00:00+00:00' AIRFLOW_CTX_TRY_NUMBER='1' AIRFLOW_CTX_DAG_RUN_ID='scheduled__2025-11-23T00:00:00+00:00'
[2025-11-24T22:39:44.841+0000] {taskinstance.py:430} INFO - ::endgroup::
[2025-11-24T22:39:45.064+0000] {mental_health_etl.py:49} INFO - Transformando datos...
[2025-11-24T22:39:45.536+0000] {python.py:237} INFO - Done. Returned value was: /tmp/***_data_mental/clean_mental_health.csv
[2025-11-24T22:39:45.537+0000] {taskinstance.py:441} INFO - ::group::Post task execution logs
[2025-11-24T22:39:45.573+0000] {taskinstance.py:1206} INFO - Marking task as SUCCESS. dag_id=mental_health_etl, task_id=transform_task, run_id=scheduled__2025-11-23T00:00:00+00:00, execution_date=20251123T000000, start_date=20251124T223944, end_date=20251124T223945
[2025-11-24T22:39:45.615+0000] {local_task_job_runner.py:240} INFO - Task exited with return code 0
[2025-11-24T22:39:45.640+0000] {taskinstance.py:3498} INFO - 1 downstream tasks scheduled from follow-on schedule check
[2025-11-24T22:39:45.643+0000] {local_task_job_runner.py:222} INFO - ::endgroup::
