[2025-11-24T22:56:05.093+0000] {local_task_job_runner.py:120} INFO - ::group::Pre task execution logs
[2025-11-24T22:56:05.135+0000] {taskinstance.py:2076} INFO - Dependencies all met for dep_context=non-requeueable deps ti=<TaskInstance: mental_health_etl.load_task manual__2025-11-24T22:55:50.963978+00:00 [queued]>
[2025-11-24T22:56:05.152+0000] {taskinstance.py:2076} INFO - Dependencies all met for dep_context=requeueable deps ti=<TaskInstance: mental_health_etl.load_task manual__2025-11-24T22:55:50.963978+00:00 [queued]>
[2025-11-24T22:56:05.153+0000] {taskinstance.py:2306} INFO - Starting attempt 1 of 2
[2025-11-24T22:56:05.172+0000] {taskinstance.py:2330} INFO - Executing <Task(PythonOperator): load_task> on 2025-11-24 22:55:50.963978+00:00
[2025-11-24T22:56:05.187+0000] {logging_mixin.py:188} WARNING - /home/***/.local/lib/python3.12/site-packages/***/task/task_runner/standard_task_runner.py:61 DeprecationWarning: This process (pid=418) is multi-threaded, use of fork() may lead to deadlocks in the child.
[2025-11-24T22:56:05.189+0000] {standard_task_runner.py:63} INFO - Started process 420 to run task
[2025-11-24T22:56:05.187+0000] {standard_task_runner.py:90} INFO - Running: ['***', 'tasks', 'run', 'mental_health_etl', 'load_task', 'manual__2025-11-24T22:55:50.963978+00:00', '--job-id', '7', '--raw', '--subdir', 'DAGS_FOLDER/mental_health_etl.py', '--cfg-path', '/tmp/tmpidv5cbrg']
[2025-11-24T22:56:05.191+0000] {standard_task_runner.py:91} INFO - Job 7: Subtask load_task
[2025-11-24T22:56:05.216+0000] {logging_mixin.py:188} WARNING - /home/***/.local/lib/python3.12/site-packages/***/settings.py:195 DeprecationWarning: The sql_alchemy_conn option in [core] has been moved to the sql_alchemy_conn option in [database] - the old setting has been used, but please update your config.
[2025-11-24T22:56:05.262+0000] {task_command.py:426} INFO - Running <TaskInstance: mental_health_etl.load_task manual__2025-11-24T22:55:50.963978+00:00 [running]> on host 5487bfeafc15
[2025-11-24T22:56:05.386+0000] {taskinstance.py:2648} INFO - Exporting env vars: AIRFLOW_CTX_DAG_OWNER='student' AIRFLOW_CTX_DAG_ID='mental_health_etl' AIRFLOW_CTX_TASK_ID='load_task' AIRFLOW_CTX_EXECUTION_DATE='2025-11-24T22:55:50.963978+00:00' AIRFLOW_CTX_TRY_NUMBER='1' AIRFLOW_CTX_DAG_RUN_ID='manual__2025-11-24T22:55:50.963978+00:00'
[2025-11-24T22:56:05.388+0000] {taskinstance.py:430} INFO - ::endgroup::
[2025-11-24T22:56:05.619+0000] {mental_health_etl.py:90} INFO - Cargando datos finales...
[2025-11-24T22:56:05.883+0000] {mental_health_etl.py:97} INFO - Pipeline finalizado. Archivo listo: /tmp/***_data_mental/mental_health_final.parquet
[2025-11-24T22:56:05.884+0000] {python.py:237} INFO - Done. Returned value was: None
[2025-11-24T22:56:05.886+0000] {taskinstance.py:441} INFO - ::group::Post task execution logs
[2025-11-24T22:56:05.899+0000] {taskinstance.py:1206} INFO - Marking task as SUCCESS. dag_id=mental_health_etl, task_id=load_task, run_id=manual__2025-11-24T22:55:50.963978+00:00, execution_date=20251124T225550, start_date=20251124T225605, end_date=20251124T225605
[2025-11-24T22:56:05.968+0000] {local_task_job_runner.py:240} INFO - Task exited with return code 0
[2025-11-24T22:56:05.990+0000] {taskinstance.py:3498} INFO - 0 downstream tasks scheduled from follow-on schedule check
[2025-11-24T22:56:05.995+0000] {local_task_job_runner.py:222} INFO - ::endgroup::
